00:32:06 **** Clean-only build of configuration Debug for project GPIO_Driver ****
rm -rf GPIO_Driver User Library/I2C_Library.o User Library/Timer_Delay.o User Library/lcd_i2c.d User Library/I2C_Library.d GPIO_Driver.elf User Library/lcd_i2c.o User Application/tiny_printf.o User Library/lcd_8bit.d User Application/tiny_printf.d User Library/lcd_8bit.o User Application/startup_stm32f411xe.o User Library/lcd_4bit.o User Library/GPIO_Driver.o User Library/lcd_4bit.d User Library/GPIO_Driver.d User Application/main.d User Application/system_stm32f4xx.o User Application/system_stm32f4xx.d User Application/main.o User Library/Timer_Delay.d 
00:32:11 **** Rebuild of configuration Debug for project GPIO_Driver ****
Info: Internal Builder is used for build
arm-atollic-eabi-gcc -c ..\User Application\tiny_printf.c -mthumb -mcpu=cortex-m4 -mfloat-abi=hard -mfpu=fpv4-sp-d16 -std=gnu11 -DSTM32F411xE -I../src -I../Drivers/CMSIS/Include -I../Drivers/CMSIS/Device/ST/STM32F4xx/Include -I../Drivers/STM32F4xx_HAL_Driver/Inc -IC:\Users\Falcon\Atollic\TrueSTUDIO\STM32_workspace_9.1\GPIO_Driver -IC:\Users\Falcon\Atollic\TrueSTUDIO\STM32_workspace_9.1\GPIO_Driver\User Library -O0 -ffunction-sections -fdata-sections -g -fstack-usage -Wall -o User Application\tiny_printf.o 
arm-atollic-eabi-gcc -c -mthumb -mcpu=cortex-m4 -mfloat-abi=hard -mfpu=fpv4-sp-d16 -DSTM32F411xE -I../src -I../Drivers/CMSIS/Include -I../Drivers/CMSIS/Device/ST/STM32F4xx/Include -I../Drivers/STM32F4xx_HAL_Driver/Inc -g -Wa,--warn -x assembler-with-cpp -o User Application\startup_stm32f411xe.o ..\User Application\startup_stm32f411xe.s 
arm-atollic-eabi-gcc -c ..\User Library\lcd_8bit.c -mthumb -mcpu=cortex-m4 -mfloat-abi=hard -mfpu=fpv4-sp-d16 -std=gnu11 -DSTM32F411xE -I../src -I../Drivers/CMSIS/Include -I../Drivers/CMSIS/Device/ST/STM32F4xx/Include -I../Drivers/STM32F4xx_HAL_Driver/Inc -IC:\Users\Falcon\Atollic\TrueSTUDIO\STM32_workspace_9.1\GPIO_Driver -IC:\Users\Falcon\Atollic\TrueSTUDIO\STM32_workspace_9.1\GPIO_Driver\User Library -O0 -ffunction-sections -fdata-sections -g -fstack-usage -Wall -o User Library\lcd_8bit.o 
arm-atollic-eabi-gcc -c ..\User Library\lcd_4bit.c -mthumb -mcpu=cortex-m4 -mfloat-abi=hard -mfpu=fpv4-sp-d16 -std=gnu11 -DSTM32F411xE -I../src -I../Drivers/CMSIS/Include -I../Drivers/CMSIS/Device/ST/STM32F4xx/Include -I../Drivers/STM32F4xx_HAL_Driver/Inc -IC:\Users\Falcon\Atollic\TrueSTUDIO\STM32_workspace_9.1\GPIO_Driver -IC:\Users\Falcon\Atollic\TrueSTUDIO\STM32_workspace_9.1\GPIO_Driver\User Library -O0 -ffunction-sections -fdata-sections -g -fstack-usage -Wall -o User Library\lcd_4bit.o 
In file included from ..\User Library\lcd_4bit.h:13:0,
                 from ..\User Library\lcd_4bit.c:7:
..\User Library\GPIO_Driver.h:124:13: warning: 'config_pin' declared 'static' but never defined [-Wunused-function]
 static void config_pin(GPIO_TypeDef *port, uint32_t pinNumber, uint32_t pinSpeed, uint32_t mode, uint16_t mode_type, uint32_t alt_func);
             ^~~~~~~~~~
arm-atollic-eabi-gcc -c ..\User Application\main.c -mthumb -mcpu=cortex-m4 -mfloat-abi=hard -mfpu=fpv4-sp-d16 -std=gnu11 -DSTM32F411xE -I../src -I../Drivers/CMSIS/Include -I../Drivers/CMSIS/Device/ST/STM32F4xx/Include -I../Drivers/STM32F4xx_HAL_Driver/Inc -IC:\Users\Falcon\Atollic\TrueSTUDIO\STM32_workspace_9.1\GPIO_Driver -IC:\Users\Falcon\Atollic\TrueSTUDIO\STM32_workspace_9.1\GPIO_Driver\User Library -O0 -ffunction-sections -fdata-sections -g -fstack-usage -Wall -o User Application\main.o 
In file included from ..\User Application\main.c:4:0:
C:\Users\Falcon\Atollic\TrueSTUDIO\STM32_workspace_9.1\GPIO_Driver\User Library/GPIO_Driver.h:124:13: warning: 'config_pin' declared 'static' but never defined [-Wunused-function]
 static void config_pin(GPIO_TypeDef *port, uint32_t pinNumber, uint32_t pinSpeed, uint32_t mode, uint16_t mode_type, uint32_t alt_func);
             ^~~~~~~~~~
arm-atollic-eabi-gcc -c ..\User Library\I2C_Library.c -mthumb -mcpu=cortex-m4 -mfloat-abi=hard -mfpu=fpv4-sp-d16 -std=gnu11 -DSTM32F411xE -I../src -I../Drivers/CMSIS/Include -I../Drivers/CMSIS/Device/ST/STM32F4xx/Include -I../Drivers/STM32F4xx_HAL_Driver/Inc -IC:\Users\Falcon\Atollic\TrueSTUDIO\STM32_workspace_9.1\GPIO_Driver -IC:\Users\Falcon\Atollic\TrueSTUDIO\STM32_workspace_9.1\GPIO_Driver\User Library -O0 -ffunction-sections -fdata-sections -g -fstack-usage -Wall -o User Library\I2C_Library.o 
In file included from ..\User Library\I2C_Library.h:11:0,
                 from ..\User Library\I2C_Library.c:8:
..\User Library\GPIO_Driver.h:124:13: warning: 'config_pin' declared 'static' but never defined [-Wunused-function]
 static void config_pin(GPIO_TypeDef *port, uint32_t pinNumber, uint32_t pinSpeed, uint32_t mode, uint16_t mode_type, uint32_t alt_func);
             ^~~~~~~~~~
arm-atollic-eabi-gcc -c ..\User Library\Timer_Delay.c -mthumb -mcpu=cortex-m4 -mfloat-abi=hard -mfpu=fpv4-sp-d16 -std=gnu11 -DSTM32F411xE -I../src -I../Drivers/CMSIS/Include -I../Drivers/CMSIS/Device/ST/STM32F4xx/Include -I../Drivers/STM32F4xx_HAL_Driver/Inc -IC:\Users\Falcon\Atollic\TrueSTUDIO\STM32_workspace_9.1\GPIO_Driver -IC:\Users\Falcon\Atollic\TrueSTUDIO\STM32_workspace_9.1\GPIO_Driver\User Library -O0 -ffunction-sections -fdata-sections -g -fstack-usage -Wall -o User Library\Timer_Delay.o 
arm-atollic-eabi-gcc -c ..\User Application\system_stm32f4xx.c -mthumb -mcpu=cortex-m4 -mfloat-abi=hard -mfpu=fpv4-sp-d16 -std=gnu11 -DSTM32F411xE -I../src -I../Drivers/CMSIS/Include -I../Drivers/CMSIS/Device/ST/STM32F4xx/Include -I../Drivers/STM32F4xx_HAL_Driver/Inc -IC:\Users\Falcon\Atollic\TrueSTUDIO\STM32_workspace_9.1\GPIO_Driver -IC:\Users\Falcon\Atollic\TrueSTUDIO\STM32_workspace_9.1\GPIO_Driver\User Library -O0 -ffunction-sections -fdata-sections -g -fstack-usage -Wall -o User Application\system_stm32f4xx.o 
arm-atollic-eabi-gcc -c ..\User Library\GPIO_Driver.c -mthumb -mcpu=cortex-m4 -mfloat-abi=hard -mfpu=fpv4-sp-d16 -std=gnu11 -DSTM32F411xE -I../src -I../Drivers/CMSIS/Include -I../Drivers/CMSIS/Device/ST/STM32F4xx/Include -I../Drivers/STM32F4xx_HAL_Driver/Inc -IC:\Users\Falcon\Atollic\TrueSTUDIO\STM32_workspace_9.1\GPIO_Driver -IC:\Users\Falcon\Atollic\TrueSTUDIO\STM32_workspace_9.1\GPIO_Driver\User Library -O0 -ffunction-sections -fdata-sections -g -fstack-usage -Wall -o User Library\GPIO_Driver.o 
..\User Library\GPIO_Driver.c: In function 'config_pin':
..\User Library\GPIO_Driver.c:50:40: warning: suggest parentheses around '+' inside '<<' [-Wparentheses]
   port->MODER &= ~(1<<PINPOS[pinNumber]+1);
                       ~~~~~~~~~~~~~~~~~^~
arm-atollic-eabi-gcc -c ..\User Library\lcd_i2c.c -mthumb -mcpu=cortex-m4 -mfloat-abi=hard -mfpu=fpv4-sp-d16 -std=gnu11 -DSTM32F411xE -I../src -I../Drivers/CMSIS/Include -I../Drivers/CMSIS/Device/ST/STM32F4xx/Include -I../Drivers/STM32F4xx_HAL_Driver/Inc -IC:\Users\Falcon\Atollic\TrueSTUDIO\STM32_workspace_9.1\GPIO_Driver -IC:\Users\Falcon\Atollic\TrueSTUDIO\STM32_workspace_9.1\GPIO_Driver\User Library -O0 -ffunction-sections -fdata-sections -g -fstack-usage -Wall -o User Library\lcd_i2c.o 
In file included from ..\User Library\lcd_i2c.h:13:0,
                 from ..\User Library\lcd_i2c.c:8:
..\User Library\GPIO_Driver.h:124:13: warning: 'config_pin' declared 'static' but never defined [-Wunused-function]
 static void config_pin(GPIO_TypeDef *port, uint32_t pinNumber, uint32_t pinSpeed, uint32_t mode, uint16_t mode_type, uint32_t alt_func);
             ^~~~~~~~~~
arm-atollic-eabi-gcc -o GPIO_Driver.elf User Application\main.o User Application\startup_stm32f411xe.o User Application\system_stm32f4xx.o User Application\tiny_printf.o User Library\GPIO_Driver.o User Library\I2C_Library.o User Library\Timer_Delay.o User Library\lcd_4bit.o User Library\lcd_8bit.o User Library\lcd_i2c.o -mthumb -mcpu=cortex-m4 -mfloat-abi=hard -mfpu=fpv4-sp-d16 -T../stm32_flash.ld -specs=nosys.specs -static -Wl,-cref,-u,Reset_Handler -Wl,-Map=GPIO_Driver.map -Wl,--gc-sections -Wl,--defsym=malloc_getpagesize_P=0x80 -Wl,--start-group -lc -lm -Wl,--end-group 
C:\Program Files (x86)\Atollic\TrueSTUDIO for STM32 9.1.0\ide\jre\bin\java -jar C:\Program Files (x86)\Atollic\TrueSTUDIO for STM32 9.1.0\Tools\arm-atollic-reports.jar sizeinfo list GPIO_Driver.elf 
Generate build reports...
Print size information
   text	   data	    bss	    dec	    hex	filename
   6796	    136	   1056	   7988	   1f34	GPIO_Driver.elf
Print size information done
Generate listing file
Output sent to: GPIO_Driver.list
Generate listing file done
Generate build reports done
Info: Nothing to build for GPIO_Driver
Info: Nothing to build for GPIO_Driver
Info: Nothing to build for GPIO_Driver
Info: Nothing to build for GPIO_Driver
Info: Nothing to build for GPIO_Driver
Info: Nothing to build for GPIO_Driver
Info: Nothing to build for GPIO_Driver
00:38:12 **** Incremental Build of configuration Debug for project GPIO_Driver ****
Info: Internal Builder is used for build
arm-atollic-eabi-gcc -c ..\User Application\main.c -mthumb -mcpu=cortex-m4 -mfloat-abi=hard -mfpu=fpv4-sp-d16 -std=gnu11 -DSTM32F411xE -I../src -I../Drivers/CMSIS/Include -I../Drivers/CMSIS/Device/ST/STM32F4xx/Include -I../Drivers/STM32F4xx_HAL_Driver/Inc -IC:\Users\Falcon\Atollic\TrueSTUDIO\STM32_workspace_9.1\GPIO_Driver -IC:\Users\Falcon\Atollic\TrueSTUDIO\STM32_workspace_9.1\GPIO_Driver\User Library -O0 -ffunction-sections -fdata-sections -g -fstack-usage -Wall -o User Application\main.o 
..\User Application\main.c: In function 'main':
..\User Application\main.c:75:16: warning: implicit declaration of function 'integer_to_string' [-Wimplicit-function-declaration]
  lcd_i2c_print(integer_to_string(i));
                ^~~~~~~~~~~~~~~~~
..\User Application\main.c:75:16: warning: passing argument 1 of 'lcd_i2c_print' makes pointer from integer without a cast [-Wint-conversion]
In file included from ..\User Application\main.c:9:0:
C:\Users\Falcon\Atollic\TrueSTUDIO\STM32_workspace_9.1\GPIO_Driver\User Library/lcd_i2c.h:22:6: note: expected 'char *' but argument is of type 'int'
 void lcd_i2c_print(char string[]);
      ^~~~~~~~~~~~~
..\User Application\main.c: At top level:
..\User Application\main.c:105:7: error: conflicting types for 'integer_to_string'
 char* integer_to_string(int x)
       ^~~~~~~~~~~~~~~~~
..\User Application\main.c:75:16: note: previous implicit declaration of 'integer_to_string' was here
  lcd_i2c_print(integer_to_string(i));
                ^~~~~~~~~~~~~~~~~
..\User Application\main.c: In function 'integer_to_string':
..\User Application\main.c:107:20: warning: implicit declaration of function 'malloc' [-Wimplicit-function-declaration]
     char* buffer = malloc(sizeof(char) * sizeof(int) * 4 + 1);
                    ^~~~~~
..\User Application\main.c:107:20: warning: incompatible implicit declaration of built-in function 'malloc'
..\User Application\main.c:107:20: note: include '<stdlib.h>' or provide a declaration of 'malloc'
..\User Application\main.c:110:10: warning: implicit declaration of function 'sprintf' [-Wimplicit-function-declaration]
          sprintf(buffer, "%d", x);
          ^~~~~~~
..\User Application\main.c:110:10: warning: incompatible implicit declaration of built-in function 'sprintf'
..\User Application\main.c:110:10: note: include '<stdio.h>' or provide a declaration of 'sprintf'
In file included from ..\User Application\main.c:4:0:
..\User Application\main.c: At top level:
C:\Users\Falcon\Atollic\TrueSTUDIO\STM32_workspace_9.1\GPIO_Driver\User Library/GPIO_Driver.h:124:13: warning: 'config_pin' declared 'static' but never defined [-Wunused-function]
 static void config_pin(GPIO_TypeDef *port, uint32_t pinNumber, uint32_t pinSpeed, uint32_t mode, uint16_t mode_type, uint32_t alt_func);
             ^~~~~~~~~~
00:38:39 **** Incremental Build of configuration Debug for project GPIO_Driver ****
Info: Internal Builder is used for build
arm-atollic-eabi-gcc -c ..\User Application\main.c -mthumb -mcpu=cortex-m4 -mfloat-abi=hard -mfpu=fpv4-sp-d16 -std=gnu11 -DSTM32F411xE -I../src -I../Drivers/CMSIS/Include -I../Drivers/CMSIS/Device/ST/STM32F4xx/Include -I../Drivers/STM32F4xx_HAL_Driver/Inc -IC:\Users\Falcon\Atollic\TrueSTUDIO\STM32_workspace_9.1\GPIO_Driver -IC:\Users\Falcon\Atollic\TrueSTUDIO\STM32_workspace_9.1\GPIO_Driver\User Library -O0 -ffunction-sections -fdata-sections -g -fstack-usage -Wall -o User Application\main.o 
..\User Application\main.c: In function 'main':
..\User Application\main.c:75:16: warning: implicit declaration of function 'integer_to_string' [-Wimplicit-function-declaration]
  lcd_i2c_print(integer_to_string(i));
                ^~~~~~~~~~~~~~~~~
..\User Application\main.c:75:16: warning: passing argument 1 of 'lcd_i2c_print' makes pointer from integer without a cast [-Wint-conversion]
In file included from ..\User Application\main.c:9:0:
C:\Users\Falcon\Atollic\TrueSTUDIO\STM32_workspace_9.1\GPIO_Driver\User Library/lcd_i2c.h:22:6: note: expected 'char *' but argument is of type 'int'
 void lcd_i2c_print(char string[]);
      ^~~~~~~~~~~~~
..\User Application\main.c: At top level:
..\User Application\main.c:105:6: error: two or more data types in declaration specifiers
 void char* integer_to_string(int x)
      ^~~~
..\User Application\main.c:105:12: error: conflicting types for 'integer_to_string'
 void char* integer_to_string(int x)
            ^~~~~~~~~~~~~~~~~
..\User Application\main.c:75:16: note: previous implicit declaration of 'integer_to_string' was here
  lcd_i2c_print(integer_to_string(i));
                ^~~~~~~~~~~~~~~~~
..\User Application\main.c: In function 'integer_to_string':
..\User Application\main.c:107:20: warning: implicit declaration of function 'malloc' [-Wimplicit-function-declaration]
     char* buffer = malloc(sizeof(char) * sizeof(int) * 4 + 1);
                    ^~~~~~
..\User Application\main.c:107:20: warning: incompatible implicit declaration of built-in function 'malloc'
..\User Application\main.c:107:20: note: include '<stdlib.h>' or provide a declaration of 'malloc'
..\User Application\main.c:110:10: warning: implicit declaration of function 'sprintf' [-Wimplicit-function-declaration]
          sprintf(buffer, "%d", x);
          ^~~~~~~
..\User Application\main.c:110:10: warning: incompatible implicit declaration of built-in function 'sprintf'
..\User Application\main.c:110:10: note: include '<stdio.h>' or provide a declaration of 'sprintf'
In file included from ..\User Application\main.c:4:0:
..\User Application\main.c: At top level:
C:\Users\Falcon\Atollic\TrueSTUDIO\STM32_workspace_9.1\GPIO_Driver\User Library/GPIO_Driver.h:124:13: warning: 'config_pin' declared 'static' but never defined [-Wunused-function]
 static void config_pin(GPIO_TypeDef *port, uint32_t pinNumber, uint32_t pinSpeed, uint32_t mode, uint16_t mode_type, uint32_t alt_func);
             ^~~~~~~~~~
00:39:13 **** Incremental Build of configuration Debug for project GPIO_Driver ****
Info: Internal Builder is used for build
arm-atollic-eabi-gcc -c ..\User Application\main.c -mthumb -mcpu=cortex-m4 -mfloat-abi=hard -mfpu=fpv4-sp-d16 -std=gnu11 -DSTM32F411xE -I../src -I../Drivers/CMSIS/Include -I../Drivers/CMSIS/Device/ST/STM32F4xx/Include -I../Drivers/STM32F4xx_HAL_Driver/Inc -IC:\Users\Falcon\Atollic\TrueSTUDIO\STM32_workspace_9.1\GPIO_Driver -IC:\Users\Falcon\Atollic\TrueSTUDIO\STM32_workspace_9.1\GPIO_Driver\User Library -O0 -ffunction-sections -fdata-sections -g -fstack-usage -Wall -o User Application\main.o 
..\User Application\main.c: In function 'main':
..\User Application\main.c:75:16: warning: implicit declaration of function 'integer_to_string' [-Wimplicit-function-declaration]
  lcd_i2c_print(integer_to_string(i));
                ^~~~~~~~~~~~~~~~~
..\User Application\main.c:75:16: warning: passing argument 1 of 'lcd_i2c_print' makes pointer from integer without a cast [-Wint-conversion]
In file included from ..\User Application\main.c:9:0:
C:\Users\Falcon\Atollic\TrueSTUDIO\STM32_workspace_9.1\GPIO_Driver\User Library/lcd_i2c.h:22:6: note: expected 'char *' but argument is of type 'int'
 void lcd_i2c_print(char string[]);
      ^~~~~~~~~~~~~
..\User Application\main.c: At top level:
..\User Application\main.c:105:7: error: conflicting types for 'integer_to_string'
 char* integer_to_string(int x)
       ^~~~~~~~~~~~~~~~~
..\User Application\main.c:75:16: note: previous implicit declaration of 'integer_to_string' was here
  lcd_i2c_print(integer_to_string(i));
                ^~~~~~~~~~~~~~~~~
..\User Application\main.c: In function 'integer_to_string':
..\User Application\main.c:107:20: warning: implicit declaration of function 'malloc' [-Wimplicit-function-declaration]
     char* buffer = malloc(sizeof(char) * sizeof(int) * 4 + 1);
                    ^~~~~~
..\User Application\main.c:107:20: warning: incompatible implicit declaration of built-in function 'malloc'
..\User Application\main.c:107:20: note: include '<stdlib.h>' or provide a declaration of 'malloc'
..\User Application\main.c:110:10: warning: implicit declaration of function 'sprintf' [-Wimplicit-function-declaration]
          sprintf(buffer, "%d", x);
          ^~~~~~~
..\User Application\main.c:110:10: warning: incompatible implicit declaration of built-in function 'sprintf'
..\User Application\main.c:110:10: note: include '<stdio.h>' or provide a declaration of 'sprintf'
In file included from ..\User Application\main.c:4:0:
..\User Application\main.c: At top level:
C:\Users\Falcon\Atollic\TrueSTUDIO\STM32_workspace_9.1\GPIO_Driver\User Library/GPIO_Driver.h:124:13: warning: 'config_pin' declared 'static' but never defined [-Wunused-function]
 static void config_pin(GPIO_TypeDef *port, uint32_t pinNumber, uint32_t pinSpeed, uint32_t mode, uint16_t mode_type, uint32_t alt_func);
             ^~~~~~~~~~
00:41:48 **** Incremental Build of configuration Debug for project GPIO_Driver ****
Info: Internal Builder is used for build
arm-atollic-eabi-gcc -c ..\User Application\main.c -mthumb -mcpu=cortex-m4 -mfloat-abi=hard -mfpu=fpv4-sp-d16 -std=gnu11 -DSTM32F411xE -I../src -I../Drivers/CMSIS/Include -I../Drivers/CMSIS/Device/ST/STM32F4xx/Include -I../Drivers/STM32F4xx_HAL_Driver/Inc -IC:\Users\Falcon\Atollic\TrueSTUDIO\STM32_workspace_9.1\GPIO_Driver -IC:\Users\Falcon\Atollic\TrueSTUDIO\STM32_workspace_9.1\GPIO_Driver\User Library -O0 -ffunction-sections -fdata-sections -g -fstack-usage -Wall -o User Application\main.o 
..\User Application\main.c: In function 'main':
..\User Application\main.c:76:16: warning: implicit declaration of function 'integer_to_string' [-Wimplicit-function-declaration]
  lcd_i2c_print(integer_to_string(i));
                ^~~~~~~~~~~~~~~~~
..\User Application\main.c:76:16: warning: passing argument 1 of 'lcd_i2c_print' makes pointer from integer without a cast [-Wint-conversion]
In file included from ..\User Application\main.c:9:0:
C:\Users\Falcon\Atollic\TrueSTUDIO\STM32_workspace_9.1\GPIO_Driver\User Library/lcd_i2c.h:22:6: note: expected 'char *' but argument is of type 'int'
 void lcd_i2c_print(char string[]);
      ^~~~~~~~~~~~~
..\User Application\main.c: At top level:
..\User Application\main.c:106:7: error: conflicting types for 'integer_to_string'
 char* integer_to_string(int x)
       ^~~~~~~~~~~~~~~~~
..\User Application\main.c:76:16: note: previous implicit declaration of 'integer_to_string' was here
  lcd_i2c_print(integer_to_string(i));
                ^~~~~~~~~~~~~~~~~
..\User Application\main.c: In function 'integer_to_string':
..\User Application\main.c:111:10: warning: implicit declaration of function 'sprintf' [-Wimplicit-function-declaration]
          sprintf(buffer, "%d", x);
          ^~~~~~~
..\User Application\main.c:111:10: warning: incompatible implicit declaration of built-in function 'sprintf'
..\User Application\main.c:111:10: note: include '<stdio.h>' or provide a declaration of 'sprintf'
In file included from ..\User Application\main.c:4:0:
..\User Application\main.c: At top level:
C:\Users\Falcon\Atollic\TrueSTUDIO\STM32_workspace_9.1\GPIO_Driver\User Library/GPIO_Driver.h:124:13: warning: 'config_pin' declared 'static' but never defined [-Wunused-function]
 static void config_pin(GPIO_TypeDef *port, uint32_t pinNumber, uint32_t pinSpeed, uint32_t mode, uint16_t mode_type, uint32_t alt_func);
             ^~~~~~~~~~
00:41:52 **** Incremental Build of configuration Debug for project GPIO_Driver ****
Info: Internal Builder is used for build
arm-atollic-eabi-gcc -c ..\User Application\main.c -mthumb -mcpu=cortex-m4 -mfloat-abi=hard -mfpu=fpv4-sp-d16 -std=gnu11 -DSTM32F411xE -I../src -I../Drivers/CMSIS/Include -I../Drivers/CMSIS/Device/ST/STM32F4xx/Include -I../Drivers/STM32F4xx_HAL_Driver/Inc -IC:\Users\Falcon\Atollic\TrueSTUDIO\STM32_workspace_9.1\GPIO_Driver -IC:\Users\Falcon\Atollic\TrueSTUDIO\STM32_workspace_9.1\GPIO_Driver\User Library -O0 -ffunction-sections -fdata-sections -g -fstack-usage -Wall -o User Application\main.o 
..\User Application\main.c: In function 'main':
..\User Application\main.c:76:16: warning: implicit declaration of function 'integer_to_string' [-Wimplicit-function-declaration]
  lcd_i2c_print(integer_to_string(i));
                ^~~~~~~~~~~~~~~~~
..\User Application\main.c:76:16: warning: passing argument 1 of 'lcd_i2c_print' makes pointer from integer without a cast [-Wint-conversion]
In file included from ..\User Application\main.c:9:0:
C:\Users\Falcon\Atollic\TrueSTUDIO\STM32_workspace_9.1\GPIO_Driver\User Library/lcd_i2c.h:22:6: note: expected 'char *' but argument is of type 'int'
 void lcd_i2c_print(char string[]);
      ^~~~~~~~~~~~~
..\User Application\main.c: At top level:
..\User Application\main.c:106:7: error: conflicting types for 'integer_to_string'
 char* integer_to_string(int x)
       ^~~~~~~~~~~~~~~~~
..\User Application\main.c:76:16: note: previous implicit declaration of 'integer_to_string' was here
  lcd_i2c_print(integer_to_string(i));
                ^~~~~~~~~~~~~~~~~
..\User Application\main.c: In function 'integer_to_string':
..\User Application\main.c:111:10: warning: implicit declaration of function 'sprintf' [-Wimplicit-function-declaration]
          sprintf(buffer, "%d", x);
          ^~~~~~~
..\User Application\main.c:111:10: warning: incompatible implicit declaration of built-in function 'sprintf'
..\User Application\main.c:111:10: note: include '<stdio.h>' or provide a declaration of 'sprintf'
In file included from ..\User Application\main.c:4:0:
..\User Application\main.c: At top level:
C:\Users\Falcon\Atollic\TrueSTUDIO\STM32_workspace_9.1\GPIO_Driver\User Library/GPIO_Driver.h:124:13: warning: 'config_pin' declared 'static' but never defined [-Wunused-function]
 static void config_pin(GPIO_TypeDef *port, uint32_t pinNumber, uint32_t pinSpeed, uint32_t mode, uint16_t mode_type, uint32_t alt_func);
             ^~~~~~~~~~
00:42:26 **** Incremental Build of configuration Debug for project GPIO_Driver ****
Info: Internal Builder is used for build
arm-atollic-eabi-gcc -c ..\User Application\main.c -mthumb -mcpu=cortex-m4 -mfloat-abi=hard -mfpu=fpv4-sp-d16 -std=gnu11 -DSTM32F411xE -I../src -I../Drivers/CMSIS/Include -I../Drivers/CMSIS/Device/ST/STM32F4xx/Include -I../Drivers/STM32F4xx_HAL_Driver/Inc -IC:\Users\Falcon\Atollic\TrueSTUDIO\STM32_workspace_9.1\GPIO_Driver -IC:\Users\Falcon\Atollic\TrueSTUDIO\STM32_workspace_9.1\GPIO_Driver\User Library -O0 -ffunction-sections -fdata-sections -g -fstack-usage -Wall -o User Application\main.o 
..\User Application\main.c: In function 'main':
..\User Application\main.c:77:16: warning: implicit declaration of function 'integer_to_string' [-Wimplicit-function-declaration]
  lcd_i2c_print(integer_to_string(i));
                ^~~~~~~~~~~~~~~~~
..\User Application\main.c:77:16: warning: passing argument 1 of 'lcd_i2c_print' makes pointer from integer without a cast [-Wint-conversion]
In file included from ..\User Application\main.c:9:0:
C:\Users\Falcon\Atollic\TrueSTUDIO\STM32_workspace_9.1\GPIO_Driver\User Library/lcd_i2c.h:22:6: note: expected 'char *' but argument is of type 'int'
 void lcd_i2c_print(char string[]);
      ^~~~~~~~~~~~~
..\User Application\main.c: At top level:
..\User Application\main.c:107:7: error: conflicting types for 'integer_to_string'
 char* integer_to_string(int x)
       ^~~~~~~~~~~~~~~~~
..\User Application\main.c:77:16: note: previous implicit declaration of 'integer_to_string' was here
  lcd_i2c_print(integer_to_string(i));
                ^~~~~~~~~~~~~~~~~
In file included from ..\User Application\main.c:4:0:
C:\Users\Falcon\Atollic\TrueSTUDIO\STM32_workspace_9.1\GPIO_Driver\User Library/GPIO_Driver.h:124:13: warning: 'config_pin' declared 'static' but never defined [-Wunused-function]
 static void config_pin(GPIO_TypeDef *port, uint32_t pinNumber, uint32_t pinSpeed, uint32_t mode, uint16_t mode_type, uint32_t alt_func);
             ^~~~~~~~~~
00:46:18 **** Incremental Build of configuration Debug for project GPIO_Driver ****
Info: Internal Builder is used for build
arm-atollic-eabi-gcc -c ..\User Application\main.c -mthumb -mcpu=cortex-m4 -mfloat-abi=hard -mfpu=fpv4-sp-d16 -std=gnu11 -DSTM32F411xE -I../src -I../Drivers/CMSIS/Include -I../Drivers/CMSIS/Device/ST/STM32F4xx/Include -I../Drivers/STM32F4xx_HAL_Driver/Inc -IC:\Users\Falcon\Atollic\TrueSTUDIO\STM32_workspace_9.1\GPIO_Driver -IC:\Users\Falcon\Atollic\TrueSTUDIO\STM32_workspace_9.1\GPIO_Driver\User Library -O0 -ffunction-sections -fdata-sections -g -fstack-usage -Wall -o User Application\main.o 
..\User Application\main.c: In function 'main':
..\User Application\main.c:77:21: warning: passing argument 1 of 'atoi' makes pointer from integer without a cast [-Wint-conversion]
  lcd_i2c_print(atoi(i));
                     ^
In file included from c:\program files (x86)\atollic\truestudio for stm32 9.1.0\armtools\arm-atollic-eabi\include\string.h:10:0,
                 from C:\Users\Falcon\Atollic\TrueSTUDIO\STM32_workspace_9.1\GPIO_Driver\User Library/lcd_4bit.h:15,
                 from ..\User Application\main.c:7:
c:\program files (x86)\atollic\truestudio for stm32 9.1.0\armtools\arm-atollic-eabi\include\stdlib.h:81:5: note: expected 'const char *' but argument is of type 'int'
 int _EXFUN(atoi,(const char *__nptr));
     ^
..\User Application\main.c:77:16: warning: passing argument 1 of 'lcd_i2c_print' makes pointer from integer without a cast [-Wint-conversion]
  lcd_i2c_print(atoi(i));
                ^~~~
In file included from ..\User Application\main.c:9:0:
C:\Users\Falcon\Atollic\TrueSTUDIO\STM32_workspace_9.1\GPIO_Driver\User Library/lcd_i2c.h:22:6: note: expected 'char *' but argument is of type 'int'
 void lcd_i2c_print(char string[]);
      ^~~~~~~~~~~~~
In file included from ..\User Application\main.c:4:0:
..\User Application\main.c: At top level:
C:\Users\Falcon\Atollic\TrueSTUDIO\STM32_workspace_9.1\GPIO_Driver\User Library/GPIO_Driver.h:124:13: warning: 'config_pin' declared 'static' but never defined [-Wunused-function]
 static void config_pin(GPIO_TypeDef *port, uint32_t pinNumber, uint32_t pinSpeed, uint32_t mode, uint16_t mode_type, uint32_t alt_func);
             ^~~~~~~~~~
arm-atollic-eabi-gcc -o GPIO_Driver.elf User Application\main.o User Application\startup_stm32f411xe.o User Application\system_stm32f4xx.o User Application\tiny_printf.o User Library\GPIO_Driver.o User Library\I2C_Library.o User Library\Timer_Delay.o User Library\lcd_4bit.o User Library\lcd_8bit.o User Library\lcd_i2c.o -mthumb -mcpu=cortex-m4 -mfloat-abi=hard -mfpu=fpv4-sp-d16 -T../stm32_flash.ld -specs=nosys.specs -static -Wl,-cref,-u,Reset_Handler -Wl,-Map=GPIO_Driver.map -Wl,--gc-sections -Wl,--defsym=malloc_getpagesize_P=0x80 -Wl,--start-group -lc -lm -Wl,--end-group 
C:\Program Files (x86)\Atollic\TrueSTUDIO for STM32 9.1.0\ide\jre\bin\java -jar C:\Program Files (x86)\Atollic\TrueSTUDIO for STM32 9.1.0\Tools\arm-atollic-reports.jar sizeinfo list GPIO_Driver.elf 
Generate build reports...
Print size information
   text	   data	    bss	    dec	    hex	filename
   7348	    744	   1056	   9148	   23bc	GPIO_Driver.elf
Print size information done
Generate listing file
Output sent to: GPIO_Driver.list
Generate listing file done
Generate build reports done
00:47:58 **** Incremental Build of configuration Debug for project GPIO_Driver ****
Info: Internal Builder is used for build
arm-atollic-eabi-gcc -c ..\User Application\main.c -mthumb -mcpu=cortex-m4 -mfloat-abi=hard -mfpu=fpv4-sp-d16 -std=gnu11 -DSTM32F411xE -I../src -I../Drivers/CMSIS/Include -I../Drivers/CMSIS/Device/ST/STM32F4xx/Include -I../Drivers/STM32F4xx_HAL_Driver/Inc -IC:\Users\Falcon\Atollic\TrueSTUDIO\STM32_workspace_9.1\GPIO_Driver -IC:\Users\Falcon\Atollic\TrueSTUDIO\STM32_workspace_9.1\GPIO_Driver\User Library -O0 -ffunction-sections -fdata-sections -g -fstack-usage -Wall -o User Application\main.o 
..\User Application\main.c: In function 'main':
..\User Application\main.c:77:21: warning: passing argument 1 of 'atol' makes pointer from integer without a cast [-Wint-conversion]
  lcd_i2c_print(atol(i));
                     ^
In file included from c:\program files (x86)\atollic\truestudio for stm32 9.1.0\armtools\arm-atollic-eabi\include\string.h:10:0,
                 from C:\Users\Falcon\Atollic\TrueSTUDIO\STM32_workspace_9.1\GPIO_Driver\User Library/lcd_4bit.h:15,
                 from ..\User Application\main.c:7:
c:\program files (x86)\atollic\truestudio for stm32 9.1.0\armtools\arm-atollic-eabi\include\stdlib.h:83:6: note: expected 'const char *' but argument is of type 'int'
 long _EXFUN(atol,(const char *__nptr));
      ^
..\User Application\main.c:77:16: warning: passing argument 1 of 'lcd_i2c_print' makes pointer from integer without a cast [-Wint-conversion]
  lcd_i2c_print(atol(i));
                ^~~~
In file included from ..\User Application\main.c:9:0:
C:\Users\Falcon\Atollic\TrueSTUDIO\STM32_workspace_9.1\GPIO_Driver\User Library/lcd_i2c.h:22:6: note: expected 'char *' but argument is of type 'long int'
 void lcd_i2c_print(char string[]);
      ^~~~~~~~~~~~~
In file included from ..\User Application\main.c:4:0:
..\User Application\main.c: At top level:
C:\Users\Falcon\Atollic\TrueSTUDIO\STM32_workspace_9.1\GPIO_Driver\User Library/GPIO_Driver.h:124:13: warning: 'config_pin' declared 'static' but never defined [-Wunused-function]
 static void config_pin(GPIO_TypeDef *port, uint32_t pinNumber, uint32_t pinSpeed, uint32_t mode, uint16_t mode_type, uint32_t alt_func);
             ^~~~~~~~~~
arm-atollic-eabi-gcc -o GPIO_Driver.elf User Application\main.o User Application\startup_stm32f411xe.o User Application\system_stm32f4xx.o User Application\tiny_printf.o User Library\GPIO_Driver.o User Library\I2C_Library.o User Library\Timer_Delay.o User Library\lcd_4bit.o User Library\lcd_8bit.o User Library\lcd_i2c.o -mthumb -mcpu=cortex-m4 -mfloat-abi=hard -mfpu=fpv4-sp-d16 -T../stm32_flash.ld -specs=nosys.specs -static -Wl,-cref,-u,Reset_Handler -Wl,-Map=GPIO_Driver.map -Wl,--gc-sections -Wl,--defsym=malloc_getpagesize_P=0x80 -Wl,--start-group -lc -lm -Wl,--end-group 
C:\Program Files (x86)\Atollic\TrueSTUDIO for STM32 9.1.0\ide\jre\bin\java -jar C:\Program Files (x86)\Atollic\TrueSTUDIO for STM32 9.1.0\Tools\arm-atollic-reports.jar sizeinfo list GPIO_Driver.elf 
Generate build reports...
Print size information
   text	   data	    bss	    dec	    hex	filename
   7348	    744	   1056	   9148	   23bc	GPIO_Driver.elf
Print size information done
Generate listing file
Output sent to: GPIO_Driver.list
Generate listing file done
Generate build reports done
00:51:21 **** Incremental Build of configuration Debug for project GPIO_Driver ****
Info: Internal Builder is used for build
arm-atollic-eabi-gcc -c ..\User Application\main.c -mthumb -mcpu=cortex-m4 -mfloat-abi=hard -mfpu=fpv4-sp-d16 -std=gnu11 -DSTM32F411xE -I../src -I../Drivers/CMSIS/Include -I../Drivers/CMSIS/Device/ST/STM32F4xx/Include -I../Drivers/STM32F4xx_HAL_Driver/Inc -IC:\Users\Falcon\Atollic\TrueSTUDIO\STM32_workspace_9.1\GPIO_Driver -IC:\Users\Falcon\Atollic\TrueSTUDIO\STM32_workspace_9.1\GPIO_Driver\User Library -O0 -ffunction-sections -fdata-sections -g -fstack-usage -Wall -o User Application\main.o 
..\User Application\main.c: In function 'main':
..\User Application\main.c:77:22: warning: passing argument 1 of 'atol' makes pointer from integer without a cast [-Wint-conversion]
  lcd_i2c_print(*atol(i));
                      ^
In file included from c:\program files (x86)\atollic\truestudio for stm32 9.1.0\armtools\arm-atollic-eabi\include\string.h:10:0,
                 from C:\Users\Falcon\Atollic\TrueSTUDIO\STM32_workspace_9.1\GPIO_Driver\User Library/lcd_4bit.h:15,
                 from ..\User Application\main.c:7:
c:\program files (x86)\atollic\truestudio for stm32 9.1.0\armtools\arm-atollic-eabi\include\stdlib.h:83:6: note: expected 'const char *' but argument is of type 'int'
 long _EXFUN(atol,(const char *__nptr));
      ^
..\User Application\main.c:77:16: error: invalid type argument of unary '*' (have 'long int')
  lcd_i2c_print(*atol(i));
                ^~~~~~~~
In file included from ..\User Application\main.c:4:0:
..\User Application\main.c: At top level:
C:\Users\Falcon\Atollic\TrueSTUDIO\STM32_workspace_9.1\GPIO_Driver\User Library/GPIO_Driver.h:124:13: warning: 'config_pin' declared 'static' but never defined [-Wunused-function]
 static void config_pin(GPIO_TypeDef *port, uint32_t pinNumber, uint32_t pinSpeed, uint32_t mode, uint16_t mode_type, uint32_t alt_func);
             ^~~~~~~~~~
00:51:26 **** Incremental Build of configuration Debug for project GPIO_Driver ****
Info: Internal Builder is used for build
arm-atollic-eabi-gcc -c ..\User Application\main.c -mthumb -mcpu=cortex-m4 -mfloat-abi=hard -mfpu=fpv4-sp-d16 -std=gnu11 -DSTM32F411xE -I../src -I../Drivers/CMSIS/Include -I../Drivers/CMSIS/Device/ST/STM32F4xx/Include -I../Drivers/STM32F4xx_HAL_Driver/Inc -IC:\Users\Falcon\Atollic\TrueSTUDIO\STM32_workspace_9.1\GPIO_Driver -IC:\Users\Falcon\Atollic\TrueSTUDIO\STM32_workspace_9.1\GPIO_Driver\User Library -O0 -ffunction-sections -fdata-sections -g -fstack-usage -Wall -o User Application\main.o 
..\User Application\main.c: In function 'main':
..\User Application\main.c:77:22: warning: passing argument 1 of 'atol' makes pointer from integer without a cast [-Wint-conversion]
  lcd_i2c_print(&atol(i));
                      ^
In file included from c:\program files (x86)\atollic\truestudio for stm32 9.1.0\armtools\arm-atollic-eabi\include\string.h:10:0,
                 from C:\Users\Falcon\Atollic\TrueSTUDIO\STM32_workspace_9.1\GPIO_Driver\User Library/lcd_4bit.h:15,
                 from ..\User Application\main.c:7:
c:\program files (x86)\atollic\truestudio for stm32 9.1.0\armtools\arm-atollic-eabi\include\stdlib.h:83:6: note: expected 'const char *' but argument is of type 'int'
 long _EXFUN(atol,(const char *__nptr));
      ^
..\User Application\main.c:77:16: error: lvalue required as unary '&' operand
  lcd_i2c_print(&atol(i));
                ^
In file included from ..\User Application\main.c:4:0:
..\User Application\main.c: At top level:
C:\Users\Falcon\Atollic\TrueSTUDIO\STM32_workspace_9.1\GPIO_Driver\User Library/GPIO_Driver.h:124:13: warning: 'config_pin' declared 'static' but never defined [-Wunused-function]
 static void config_pin(GPIO_TypeDef *port, uint32_t pinNumber, uint32_t pinSpeed, uint32_t mode, uint16_t mode_type, uint32_t alt_func);
             ^~~~~~~~~~
01:25:21 **** Incremental Build of configuration Debug for project GPIO_Driver ****
Info: Internal Builder is used for build
arm-atollic-eabi-gcc -c ..\User Application\main.c -mthumb -mcpu=cortex-m4 -mfloat-abi=hard -mfpu=fpv4-sp-d16 -std=gnu11 -DSTM32F411xE -I../src -I../Drivers/CMSIS/Include -I../Drivers/CMSIS/Device/ST/STM32F4xx/Include -I../Drivers/STM32F4xx_HAL_Driver/Inc -IC:\Users\Falcon\Atollic\TrueSTUDIO\STM32_workspace_9.1\GPIO_Driver -IC:\Users\Falcon\Atollic\TrueSTUDIO\STM32_workspace_9.1\GPIO_Driver\User Library -O0 -ffunction-sections -fdata-sections -g -fstack-usage -Wall -o User Application\main.o 
In file included from ..\User Application\main.c:4:0:
C:\Users\Falcon\Atollic\TrueSTUDIO\STM32_workspace_9.1\GPIO_Driver\User Library/GPIO_Driver.h:124:13: warning: 'config_pin' declared 'static' but never defined [-Wunused-function]
 static void config_pin(GPIO_TypeDef *port, uint32_t pinNumber, uint32_t pinSpeed, uint32_t mode, uint16_t mode_type, uint32_t alt_func);
             ^~~~~~~~~~
arm-atollic-eabi-gcc -o GPIO_Driver.elf User Application\main.o User Application\startup_stm32f411xe.o User Application\system_stm32f4xx.o User Application\tiny_printf.o User Library\GPIO_Driver.o User Library\I2C_Library.o User Library\Timer_Delay.o User Library\lcd_4bit.o User Library\lcd_8bit.o User Library\lcd_i2c.o -mthumb -mcpu=cortex-m4 -mfloat-abi=hard -mfpu=fpv4-sp-d16 -T../stm32_flash.ld -specs=nosys.specs -static -Wl,-cref,-u,Reset_Handler -Wl,-Map=GPIO_Driver.map -Wl,--gc-sections -Wl,--defsym=malloc_getpagesize_P=0x80 -Wl,--start-group -lc -lm -Wl,--end-group 
C:\Program Files (x86)\Atollic\TrueSTUDIO for STM32 9.1.0\ide\jre\bin\java -jar C:\Program Files (x86)\Atollic\TrueSTUDIO for STM32 9.1.0\Tools\arm-atollic-reports.jar sizeinfo list GPIO_Driver.elf 
Generate build reports...
Print size information
   text	   data	    bss	    dec	    hex	filename
   6520	    136	   1056	   7712	   1e20	GPIO_Driver.elf
Print size information done
Generate listing file
Output sent to: GPIO_Driver.list
Generate listing file done
Generate build reports done
Info: Nothing to build for GPIO_Driver
Info: Nothing to build for GPIO_Driver
Info: Nothing to build for GPIO_Driver
Info: Nothing to build for GPIO_Driver
Info: Nothing to build for GPIO_Driver
Info: Nothing to build for GPIO_Driver
Info: Nothing to build for GPIO_Driver
Info: Nothing to build for GPIO_Driver
Info: Nothing to build for GPIO_Driver
Info: Nothing to build for GPIO_Driver
22:01:03 **** Incremental Build of configuration Debug for project GPIO_Driver ****
Info: Internal Builder is used for build
arm-atollic-eabi-gcc -c ..\User Application\main.c -mthumb -mcpu=cortex-m4 -mfloat-abi=hard -mfpu=fpv4-sp-d16 -std=gnu11 -DSTM32F411xE -I../src -I../Drivers/CMSIS/Include -I../Drivers/CMSIS/Device/ST/STM32F4xx/Include -I../Drivers/STM32F4xx_HAL_Driver/Inc -IC:\Users\Falcon\Atollic\TrueSTUDIO\STM32_workspace_9.1\GPIO_Driver -IC:\Users\Falcon\Atollic\TrueSTUDIO\STM32_workspace_9.1\GPIO_Driver\User Library -O0 -ffunction-sections -fdata-sections -g -fstack-usage -Wall -o User Application\main.o 
..\User Application\main.c: In function 'main':
..\User Application\main.c:87:5: warning: unused variable 'result' [-Wunused-variable]
 int result = ADC1->DR;
     ^~~~~~
In file included from ..\User Application\main.c:4:0:
..\User Application\main.c: At top level:
C:\Users\Falcon\Atollic\TrueSTUDIO\STM32_workspace_9.1\GPIO_Driver\User Library/GPIO_Driver.h:124:13: warning: 'config_pin' declared 'static' but never defined [-Wunused-function]
 static void config_pin(GPIO_TypeDef *port, uint32_t pinNumber, uint32_t pinSpeed, uint32_t mode, uint16_t mode_type, uint32_t alt_func);
             ^~~~~~~~~~
arm-atollic-eabi-gcc -o GPIO_Driver.elf User Application\main.o User Application\startup_stm32f411xe.o User Application\system_stm32f4xx.o User Application\tiny_printf.o User Library\GPIO_Driver.o User Library\I2C_Library.o User Library\Timer_Delay.o User Library\lcd_4bit.o User Library\lcd_8bit.o User Library\lcd_i2c.o -mthumb -mcpu=cortex-m4 -mfloat-abi=hard -mfpu=fpv4-sp-d16 -T../stm32_flash.ld -specs=nosys.specs -static -Wl,-cref,-u,Reset_Handler -Wl,-Map=GPIO_Driver.map -Wl,--gc-sections -Wl,--defsym=malloc_getpagesize_P=0x80 -Wl,--start-group -lc -lm -Wl,--end-group 
C:\Program Files (x86)\Atollic\TrueSTUDIO for STM32 9.1.0\ide\jre\bin\java -jar C:\Program Files (x86)\Atollic\TrueSTUDIO for STM32 9.1.0\Tools\arm-atollic-reports.jar sizeinfo list GPIO_Driver.elf 
Generate build reports...
Print size information
   text	   data	    bss	    dec	    hex	filename
   6528	    136	   1056	   7720	   1e28	GPIO_Driver.elf
Print size information done
Generate listing file
Output sent to: GPIO_Driver.list
Generate listing file done
Generate build reports done
Info: Nothing to build for GPIO_Driver
Info: Nothing to build for GPIO_Driver
Info: Nothing to build for GPIO_Driver
Info: Nothing to build for GPIO_Driver
22:08:26 **** Incremental Build of configuration Debug for project GPIO_Driver ****
Info: Internal Builder is used for build
arm-atollic-eabi-gcc -c ..\User Application\main.c -mthumb -mcpu=cortex-m4 -mfloat-abi=hard -mfpu=fpv4-sp-d16 -std=gnu11 -DSTM32F411xE -I../src -I../Drivers/CMSIS/Include -I../Drivers/CMSIS/Device/ST/STM32F4xx/Include -I../Drivers/STM32F4xx_HAL_Driver/Inc -IC:\Users\Falcon\Atollic\TrueSTUDIO\STM32_workspace_9.1\GPIO_Driver -IC:\Users\Falcon\Atollic\TrueSTUDIO\STM32_workspace_9.1\GPIO_Driver\User Library -O0 -ffunction-sections -fdata-sections -g -fstack-usage -Wall -o User Application\main.o 
..\User Application\main.c: In function 'main':
..\User Application\main.c:87:5: warning: unused variable 'result' [-Wunused-variable]
 int result = ADC1->DR;
     ^~~~~~
In file included from ..\User Application\main.c:4:0:
..\User Application\main.c: At top level:
C:\Users\Falcon\Atollic\TrueSTUDIO\STM32_workspace_9.1\GPIO_Driver\User Library/GPIO_Driver.h:124:13: warning: 'config_pin' declared 'static' but never defined [-Wunused-function]
 static void config_pin(GPIO_TypeDef *port, uint32_t pinNumber, uint32_t pinSpeed, uint32_t mode, uint16_t mode_type, uint32_t alt_func);
             ^~~~~~~~~~
arm-atollic-eabi-gcc -o GPIO_Driver.elf User Application\main.o User Application\startup_stm32f411xe.o User Application\system_stm32f4xx.o User Application\tiny_printf.o User Library\GPIO_Driver.o User Library\I2C_Library.o User Library\Timer_Delay.o User Library\lcd_4bit.o User Library\lcd_8bit.o User Library\lcd_i2c.o -mthumb -mcpu=cortex-m4 -mfloat-abi=hard -mfpu=fpv4-sp-d16 -T../stm32_flash.ld -specs=nosys.specs -static -Wl,-cref,-u,Reset_Handler -Wl,-Map=GPIO_Driver.map -Wl,--gc-sections -Wl,--defsym=malloc_getpagesize_P=0x80 -Wl,--start-group -lc -lm -Wl,--end-group 
C:\Program Files (x86)\Atollic\TrueSTUDIO for STM32 9.1.0\ide\jre\bin\java -jar C:\Program Files (x86)\Atollic\TrueSTUDIO for STM32 9.1.0\Tools\arm-atollic-reports.jar sizeinfo list GPIO_Driver.elf 
Generate build reports...
Print size information
   text	   data	    bss	    dec	    hex	filename
   6056	    136	   1056	   7248	   1c50	GPIO_Driver.elf
Print size information done
Generate listing file
Output sent to: GPIO_Driver.list
Generate listing file done
Generate build reports done
22:09:24 **** Incremental Build of configuration Debug for project GPIO_Driver ****
Info: Internal Builder is used for build
arm-atollic-eabi-gcc -c ..\User Application\main.c -mthumb -mcpu=cortex-m4 -mfloat-abi=hard -mfpu=fpv4-sp-d16 -std=gnu11 -DSTM32F411xE -I../src -I../Drivers/CMSIS/Include -I../Drivers/CMSIS/Device/ST/STM32F4xx/Include -I../Drivers/STM32F4xx_HAL_Driver/Inc -IC:\Users\Falcon\Atollic\TrueSTUDIO\STM32_workspace_9.1\GPIO_Driver -IC:\Users\Falcon\Atollic\TrueSTUDIO\STM32_workspace_9.1\GPIO_Driver\User Library -O0 -ffunction-sections -fdata-sections -g -fstack-usage -Wall -o User Application\main.o 
..\User Application\main.c: In function 'main':
..\User Application\main.c:87:5: warning: unused variable 'result' [-Wunused-variable]
 int result = ADC1->DR;
     ^~~~~~
In file included from ..\User Application\main.c:4:0:
..\User Application\main.c: At top level:
C:\Users\Falcon\Atollic\TrueSTUDIO\STM32_workspace_9.1\GPIO_Driver\User Library/GPIO_Driver.h:124:13: warning: 'config_pin' declared 'static' but never defined [-Wunused-function]
 static void config_pin(GPIO_TypeDef *port, uint32_t pinNumber, uint32_t pinSpeed, uint32_t mode, uint16_t mode_type, uint32_t alt_func);
             ^~~~~~~~~~
arm-atollic-eabi-gcc -o GPIO_Driver.elf User Application\main.o User Application\startup_stm32f411xe.o User Application\system_stm32f4xx.o User Application\tiny_printf.o User Library\GPIO_Driver.o User Library\I2C_Library.o User Library\Timer_Delay.o User Library\lcd_4bit.o User Library\lcd_8bit.o User Library\lcd_i2c.o -mthumb -mcpu=cortex-m4 -mfloat-abi=hard -mfpu=fpv4-sp-d16 -T../stm32_flash.ld -specs=nosys.specs -static -Wl,-cref,-u,Reset_Handler -Wl,-Map=GPIO_Driver.map -Wl,--gc-sections -Wl,--defsym=malloc_getpagesize_P=0x80 -Wl,--start-group -lc -lm -Wl,--end-group 
C:\Program Files (x86)\Atollic\TrueSTUDIO for STM32 9.1.0\ide\jre\bin\java -jar C:\Program Files (x86)\Atollic\TrueSTUDIO for STM32 9.1.0\Tools\arm-atollic-reports.jar sizeinfo list GPIO_Driver.elf 
Generate build reports...
Print size information
   text	   data	    bss	    dec	    hex	filename
   6528	    136	   1056	   7720	   1e28	GPIO_Driver.elf
Print size information done
Generate listing file
Output sent to: GPIO_Driver.list
Generate listing file done
Generate build reports done
22:18:22 **** Incremental Build of configuration Debug for project GPIO_Driver ****
Info: Internal Builder is used for build
arm-atollic-eabi-gcc -c ..\User Application\main.c -mthumb -mcpu=cortex-m4 -mfloat-abi=hard -mfpu=fpv4-sp-d16 -std=gnu11 -DSTM32F411xE -I../src -I../Drivers/CMSIS/Include -I../Drivers/CMSIS/Device/ST/STM32F4xx/Include -I../Drivers/STM32F4xx_HAL_Driver/Inc -IC:\Users\Falcon\Atollic\TrueSTUDIO\STM32_workspace_9.1\GPIO_Driver -IC:\Users\Falcon\Atollic\TrueSTUDIO\STM32_workspace_9.1\GPIO_Driver\User Library -O0 -ffunction-sections -fdata-sections -g -fstack-usage -Wall -o User Application\main.o 
..\User Application\main.c: In function 'main':
..\User Application\main.c:87:5: warning: unused variable 'result' [-Wunused-variable]
 int result = ADC1->DR;
     ^~~~~~
In file included from ..\User Application\main.c:4:0:
..\User Application\main.c: At top level:
C:\Users\Falcon\Atollic\TrueSTUDIO\STM32_workspace_9.1\GPIO_Driver\User Library/GPIO_Driver.h:124:13: warning: 'config_pin' declared 'static' but never defined [-Wunused-function]
 static void config_pin(GPIO_TypeDef *port, uint32_t pinNumber, uint32_t pinSpeed, uint32_t mode, uint16_t mode_type, uint32_t alt_func);
             ^~~~~~~~~~
arm-atollic-eabi-gcc -o GPIO_Driver.elf User Application\main.o User Application\startup_stm32f411xe.o User Application\system_stm32f4xx.o User Application\tiny_printf.o User Library\GPIO_Driver.o User Library\I2C_Library.o User Library\Timer_Delay.o User Library\lcd_4bit.o User Library\lcd_8bit.o User Library\lcd_i2c.o -mthumb -mcpu=cortex-m4 -mfloat-abi=hard -mfpu=fpv4-sp-d16 -T../stm32_flash.ld -specs=nosys.specs -static -Wl,-cref,-u,Reset_Handler -Wl,-Map=GPIO_Driver.map -Wl,--gc-sections -Wl,--defsym=malloc_getpagesize_P=0x80 -Wl,--start-group -lc -lm -Wl,--end-group 
C:\Program Files (x86)\Atollic\TrueSTUDIO for STM32 9.1.0\ide\jre\bin\java -jar C:\Program Files (x86)\Atollic\TrueSTUDIO for STM32 9.1.0\Tools\arm-atollic-reports.jar sizeinfo list GPIO_Driver.elf 
Generate build reports...
Print size information
   text	   data	    bss	    dec	    hex	filename
   6528	    136	   1056	   7720	   1e28	GPIO_Driver.elf
Print size information done
Generate listing file
Output sent to: GPIO_Driver.list
Generate listing file done
Generate build reports done
22:20:48 **** Incremental Build of configuration Debug for project GPIO_Driver ****
Info: Internal Builder is used for build
arm-atollic-eabi-gcc -c ..\User Application\main.c -mthumb -mcpu=cortex-m4 -mfloat-abi=hard -mfpu=fpv4-sp-d16 -std=gnu11 -DSTM32F411xE -I../src -I../Drivers/CMSIS/Include -I../Drivers/CMSIS/Device/ST/STM32F4xx/Include -I../Drivers/STM32F4xx_HAL_Driver/Inc -IC:\Users\Falcon\Atollic\TrueSTUDIO\STM32_workspace_9.1\GPIO_Driver -IC:\Users\Falcon\Atollic\TrueSTUDIO\STM32_workspace_9.1\GPIO_Driver\User Library -O0 -ffunction-sections -fdata-sections -g -fstack-usage -Wall -o User Application\main.o 
..\User Application\main.c: In function 'main':
..\User Application\main.c:86:5: warning: unused variable 'result' [-Wunused-variable]
 int result = ADC1->DR;
     ^~~~~~
In file included from ..\User Application\main.c:4:0:
..\User Application\main.c: At top level:
C:\Users\Falcon\Atollic\TrueSTUDIO\STM32_workspace_9.1\GPIO_Driver\User Library/GPIO_Driver.h:124:13: warning: 'config_pin' declared 'static' but never defined [-Wunused-function]
 static void config_pin(GPIO_TypeDef *port, uint32_t pinNumber, uint32_t pinSpeed, uint32_t mode, uint16_t mode_type, uint32_t alt_func);
             ^~~~~~~~~~
arm-atollic-eabi-gcc -o GPIO_Driver.elf User Application\main.o User Application\startup_stm32f411xe.o User Application\system_stm32f4xx.o User Application\tiny_printf.o User Library\GPIO_Driver.o User Library\I2C_Library.o User Library\Timer_Delay.o User Library\lcd_4bit.o User Library\lcd_8bit.o User Library\lcd_i2c.o -mthumb -mcpu=cortex-m4 -mfloat-abi=hard -mfpu=fpv4-sp-d16 -T../stm32_flash.ld -specs=nosys.specs -static -Wl,-cref,-u,Reset_Handler -Wl,-Map=GPIO_Driver.map -Wl,--gc-sections -Wl,--defsym=malloc_getpagesize_P=0x80 -Wl,--start-group -lc -lm -Wl,--end-group 
C:\Program Files (x86)\Atollic\TrueSTUDIO for STM32 9.1.0\ide\jre\bin\java -jar C:\Program Files (x86)\Atollic\TrueSTUDIO for STM32 9.1.0\Tools\arm-atollic-reports.jar sizeinfo list GPIO_Driver.elf 
Generate build reports...
Print size information
   text	   data	    bss	    dec	    hex	filename
   6528	    136	   1056	   7720	   1e28	GPIO_Driver.elf
Print size information done
Generate listing file
Output sent to: GPIO_Driver.list
Generate listing file done
Generate build reports done
22:26:14 **** Incremental Build of configuration Debug for project GPIO_Driver ****
Info: Internal Builder is used for build
arm-atollic-eabi-gcc -c ..\User Application\main.c -mthumb -mcpu=cortex-m4 -mfloat-abi=hard -mfpu=fpv4-sp-d16 -std=gnu11 -DSTM32F411xE -I../src -I../Drivers/CMSIS/Include -I../Drivers/CMSIS/Device/ST/STM32F4xx/Include -I../Drivers/STM32F4xx_HAL_Driver/Inc -IC:\Users\Falcon\Atollic\TrueSTUDIO\STM32_workspace_9.1\GPIO_Driver -IC:\Users\Falcon\Atollic\TrueSTUDIO\STM32_workspace_9.1\GPIO_Driver\User Library -O0 -ffunction-sections -fdata-sections -g -fstack-usage -Wall -o User Application\main.o 
..\User Application\main.c: In function 'main':
..\User Application\main.c:85:5: warning: unused variable 'result' [-Wunused-variable]
 int result = ADC1->DR;
     ^~~~~~
In file included from ..\User Application\main.c:4:0:
..\User Application\main.c: At top level:
C:\Users\Falcon\Atollic\TrueSTUDIO\STM32_workspace_9.1\GPIO_Driver\User Library/GPIO_Driver.h:124:13: warning: 'config_pin' declared 'static' but never defined [-Wunused-function]
 static void config_pin(GPIO_TypeDef *port, uint32_t pinNumber, uint32_t pinSpeed, uint32_t mode, uint16_t mode_type, uint32_t alt_func);
             ^~~~~~~~~~
arm-atollic-eabi-gcc -o GPIO_Driver.elf User Application\main.o User Application\startup_stm32f411xe.o User Application\system_stm32f4xx.o User Application\tiny_printf.o User Library\GPIO_Driver.o User Library\I2C_Library.o User Library\Timer_Delay.o User Library\lcd_4bit.o User Library\lcd_8bit.o User Library\lcd_i2c.o -mthumb -mcpu=cortex-m4 -mfloat-abi=hard -mfpu=fpv4-sp-d16 -T../stm32_flash.ld -specs=nosys.specs -static -Wl,-cref,-u,Reset_Handler -Wl,-Map=GPIO_Driver.map -Wl,--gc-sections -Wl,--defsym=malloc_getpagesize_P=0x80 -Wl,--start-group -lc -lm -Wl,--end-group 
C:\Program Files (x86)\Atollic\TrueSTUDIO for STM32 9.1.0\ide\jre\bin\java -jar C:\Program Files (x86)\Atollic\TrueSTUDIO for STM32 9.1.0\Tools\arm-atollic-reports.jar sizeinfo list GPIO_Driver.elf 
Generate build reports...
Print size information
   text	   data	    bss	    dec	    hex	filename
   6524	    136	   1056	   7716	   1e24	GPIO_Driver.elf
Print size information done
Generate listing file
Output sent to: GPIO_Driver.list
Generate listing file done
Generate build reports done
22:32:33 **** Incremental Build of configuration Debug for project GPIO_Driver ****
Info: Internal Builder is used for build
arm-atollic-eabi-gcc -c ..\User Application\main.c -mthumb -mcpu=cortex-m4 -mfloat-abi=hard -mfpu=fpv4-sp-d16 -std=gnu11 -DSTM32F411xE -I../src -I../Drivers/CMSIS/Include -I../Drivers/CMSIS/Device/ST/STM32F4xx/Include -I../Drivers/STM32F4xx_HAL_Driver/Inc -IC:\Users\Falcon\Atollic\TrueSTUDIO\STM32_workspace_9.1\GPIO_Driver -IC:\Users\Falcon\Atollic\TrueSTUDIO\STM32_workspace_9.1\GPIO_Driver\User Library -O0 -ffunction-sections -fdata-sections -g -fstack-usage -Wall -o User Application\main.o 
..\User Application\main.c: In function 'main':
..\User Application\main.c:85:5: warning: unused variable 'result' [-Wunused-variable]
 int result = ADC1->DR;
     ^~~~~~
In file included from ..\User Application\main.c:4:0:
..\User Application\main.c: At top level:
C:\Users\Falcon\Atollic\TrueSTUDIO\STM32_workspace_9.1\GPIO_Driver\User Library/GPIO_Driver.h:124:13: warning: 'config_pin' declared 'static' but never defined [-Wunused-function]
 static void config_pin(GPIO_TypeDef *port, uint32_t pinNumber, uint32_t pinSpeed, uint32_t mode, uint16_t mode_type, uint32_t alt_func);
             ^~~~~~~~~~
arm-atollic-eabi-gcc -o GPIO_Driver.elf User Application\main.o User Application\startup_stm32f411xe.o User Application\system_stm32f4xx.o User Application\tiny_printf.o User Library\GPIO_Driver.o User Library\I2C_Library.o User Library\Timer_Delay.o User Library\lcd_4bit.o User Library\lcd_8bit.o User Library\lcd_i2c.o -mthumb -mcpu=cortex-m4 -mfloat-abi=hard -mfpu=fpv4-sp-d16 -T../stm32_flash.ld -specs=nosys.specs -static -Wl,-cref,-u,Reset_Handler -Wl,-Map=GPIO_Driver.map -Wl,--gc-sections -Wl,--defsym=malloc_getpagesize_P=0x80 -Wl,--start-group -lc -lm -Wl,--end-group 
C:\Program Files (x86)\Atollic\TrueSTUDIO for STM32 9.1.0\ide\jre\bin\java -jar C:\Program Files (x86)\Atollic\TrueSTUDIO for STM32 9.1.0\Tools\arm-atollic-reports.jar sizeinfo list GPIO_Driver.elf 
Generate build reports...
Print size information
   text	   data	    bss	    dec	    hex	filename
   6736	    136	   1056	   7928	   1ef8	GPIO_Driver.elf
Print size information done
Generate listing file
Output sent to: GPIO_Driver.list
Generate listing file done
Generate build reports done
22:41:27 **** Incremental Build of configuration Debug for project GPIO_Driver ****
Info: Internal Builder is used for build
arm-atollic-eabi-gcc -c ..\User Application\main.c -mthumb -mcpu=cortex-m4 -mfloat-abi=hard -mfpu=fpv4-sp-d16 -std=gnu11 -DSTM32F411xE -I../src -I../Drivers/CMSIS/Include -I../Drivers/CMSIS/Device/ST/STM32F4xx/Include -I../Drivers/STM32F4xx_HAL_Driver/Inc -IC:\Users\Falcon\Atollic\TrueSTUDIO\STM32_workspace_9.1\GPIO_Driver -IC:\Users\Falcon\Atollic\TrueSTUDIO\STM32_workspace_9.1\GPIO_Driver\User Library -O0 -ffunction-sections -fdata-sections -g -fstack-usage -Wall -o User Application\main.o 
In file included from ..\User Application\main.c:4:0:
C:\Users\Falcon\Atollic\TrueSTUDIO\STM32_workspace_9.1\GPIO_Driver\User Library/GPIO_Driver.h:124:13: warning: 'config_pin' declared 'static' but never defined [-Wunused-function]
 static void config_pin(GPIO_TypeDef *port, uint32_t pinNumber, uint32_t pinSpeed, uint32_t mode, uint16_t mode_type, uint32_t alt_func);
             ^~~~~~~~~~
arm-atollic-eabi-gcc -o GPIO_Driver.elf User Application\main.o User Application\startup_stm32f411xe.o User Application\system_stm32f4xx.o User Application\tiny_printf.o User Library\GPIO_Driver.o User Library\I2C_Library.o User Library\Timer_Delay.o User Library\lcd_4bit.o User Library\lcd_8bit.o User Library\lcd_i2c.o -mthumb -mcpu=cortex-m4 -mfloat-abi=hard -mfpu=fpv4-sp-d16 -T../stm32_flash.ld -specs=nosys.specs -static -Wl,-cref,-u,Reset_Handler -Wl,-Map=GPIO_Driver.map -Wl,--gc-sections -Wl,--defsym=malloc_getpagesize_P=0x80 -Wl,--start-group -lc -lm -Wl,--end-group 
C:\Program Files (x86)\Atollic\TrueSTUDIO for STM32 9.1.0\ide\jre\bin\java -jar C:\Program Files (x86)\Atollic\TrueSTUDIO for STM32 9.1.0\Tools\arm-atollic-reports.jar sizeinfo list GPIO_Driver.elf 
Generate build reports...
Print size information
   text	   data	    bss	    dec	    hex	filename
   6992	    136	   1056	   8184	   1ff8	GPIO_Driver.elf
Print size information done
Generate listing file
Output sent to: GPIO_Driver.list
Generate listing file done
Generate build reports done
22:41:52 **** Incremental Build of configuration Debug for project GPIO_Driver ****
Info: Internal Builder is used for build
arm-atollic-eabi-gcc -c ..\User Application\main.c -mthumb -mcpu=cortex-m4 -mfloat-abi=hard -mfpu=fpv4-sp-d16 -std=gnu11 -DSTM32F411xE -I../src -I../Drivers/CMSIS/Include -I../Drivers/CMSIS/Device/ST/STM32F4xx/Include -I../Drivers/STM32F4xx_HAL_Driver/Inc -IC:\Users\Falcon\Atollic\TrueSTUDIO\STM32_workspace_9.1\GPIO_Driver -IC:\Users\Falcon\Atollic\TrueSTUDIO\STM32_workspace_9.1\GPIO_Driver\User Library -O0 -ffunction-sections -fdata-sections -g -fstack-usage -Wall -o User Application\main.o 
..\User Application\main.c: In function 'main':
..\User Application\main.c:89:15: warning: passing argument 1 of 'lcd_i2c_print' makes pointer from integer without a cast [-Wint-conversion]
 lcd_i2c_print(result);
               ^~~~~~
In file included from ..\User Application\main.c:9:0:
C:\Users\Falcon\Atollic\TrueSTUDIO\STM32_workspace_9.1\GPIO_Driver\User Library/lcd_i2c.h:22:6: note: expected 'char *' but argument is of type 'int'
 void lcd_i2c_print(char string[]);
      ^~~~~~~~~~~~~
In file included from ..\User Application\main.c:4:0:
..\User Application\main.c: At top level:
C:\Users\Falcon\Atollic\TrueSTUDIO\STM32_workspace_9.1\GPIO_Driver\User Library/GPIO_Driver.h:124:13: warning: 'config_pin' declared 'static' but never defined [-Wunused-function]
 static void config_pin(GPIO_TypeDef *port, uint32_t pinNumber, uint32_t pinSpeed, uint32_t mode, uint16_t mode_type, uint32_t alt_func);
             ^~~~~~~~~~
arm-atollic-eabi-gcc -o GPIO_Driver.elf User Application\main.o User Application\startup_stm32f411xe.o User Application\system_stm32f4xx.o User Application\tiny_printf.o User Library\GPIO_Driver.o User Library\I2C_Library.o User Library\Timer_Delay.o User Library\lcd_4bit.o User Library\lcd_8bit.o User Library\lcd_i2c.o -mthumb -mcpu=cortex-m4 -mfloat-abi=hard -mfpu=fpv4-sp-d16 -T../stm32_flash.ld -specs=nosys.specs -static -Wl,-cref,-u,Reset_Handler -Wl,-Map=GPIO_Driver.map -Wl,--gc-sections -Wl,--defsym=malloc_getpagesize_P=0x80 -Wl,--start-group -lc -lm -Wl,--end-group 
C:\Program Files (x86)\Atollic\TrueSTUDIO for STM32 9.1.0\ide\jre\bin\java -jar C:\Program Files (x86)\Atollic\TrueSTUDIO for STM32 9.1.0\Tools\arm-atollic-reports.jar sizeinfo list GPIO_Driver.elf 
Generate build reports...
Print size information
   text	   data	    bss	    dec	    hex	filename
   6984	    136	   1056	   8176	   1ff0	GPIO_Driver.elf
Print size information done
Generate listing file
Output sent to: GPIO_Driver.list
Generate listing file done
Generate build reports done
22:42:06 **** Incremental Build of configuration Debug for project GPIO_Driver ****
Info: Internal Builder is used for build
arm-atollic-eabi-gcc -c ..\User Application\main.c -mthumb -mcpu=cortex-m4 -mfloat-abi=hard -mfpu=fpv4-sp-d16 -std=gnu11 -DSTM32F411xE -I../src -I../Drivers/CMSIS/Include -I../Drivers/CMSIS/Device/ST/STM32F4xx/Include -I../Drivers/STM32F4xx_HAL_Driver/Inc -IC:\Users\Falcon\Atollic\TrueSTUDIO\STM32_workspace_9.1\GPIO_Driver -IC:\Users\Falcon\Atollic\TrueSTUDIO\STM32_workspace_9.1\GPIO_Driver\User Library -O0 -ffunction-sections -fdata-sections -g -fstack-usage -Wall -o User Application\main.o 
In file included from ..\User Application\main.c:4:0:
C:\Users\Falcon\Atollic\TrueSTUDIO\STM32_workspace_9.1\GPIO_Driver\User Library/GPIO_Driver.h:124:13: warning: 'config_pin' declared 'static' but never defined [-Wunused-function]
 static void config_pin(GPIO_TypeDef *port, uint32_t pinNumber, uint32_t pinSpeed, uint32_t mode, uint16_t mode_type, uint32_t alt_func);
             ^~~~~~~~~~
arm-atollic-eabi-gcc -o GPIO_Driver.elf User Application\main.o User Application\startup_stm32f411xe.o User Application\system_stm32f4xx.o User Application\tiny_printf.o User Library\GPIO_Driver.o User Library\I2C_Library.o User Library\Timer_Delay.o User Library\lcd_4bit.o User Library\lcd_8bit.o User Library\lcd_i2c.o -mthumb -mcpu=cortex-m4 -mfloat-abi=hard -mfpu=fpv4-sp-d16 -T../stm32_flash.ld -specs=nosys.specs -static -Wl,-cref,-u,Reset_Handler -Wl,-Map=GPIO_Driver.map -Wl,--gc-sections -Wl,--defsym=malloc_getpagesize_P=0x80 -Wl,--start-group -lc -lm -Wl,--end-group 
C:\Program Files (x86)\Atollic\TrueSTUDIO for STM32 9.1.0\ide\jre\bin\java -jar C:\Program Files (x86)\Atollic\TrueSTUDIO for STM32 9.1.0\Tools\arm-atollic-reports.jar sizeinfo list GPIO_Driver.elf 
Generate build reports...
Print size information
   text	   data	    bss	    dec	    hex	filename
   6984	    136	   1056	   8176	   1ff0	GPIO_Driver.elf
Print size information done
Generate listing file
Output sent to: GPIO_Driver.list
Generate listing file done
Generate build reports done
22:43:07 **** Incremental Build of configuration Debug for project GPIO_Driver ****
Info: Internal Builder is used for build
arm-atollic-eabi-gcc -c ..\User Application\main.c -mthumb -mcpu=cortex-m4 -mfloat-abi=hard -mfpu=fpv4-sp-d16 -std=gnu11 -DSTM32F411xE -I../src -I../Drivers/CMSIS/Include -I../Drivers/CMSIS/Device/ST/STM32F4xx/Include -I../Drivers/STM32F4xx_HAL_Driver/Inc -IC:\Users\Falcon\Atollic\TrueSTUDIO\STM32_workspace_9.1\GPIO_Driver -IC:\Users\Falcon\Atollic\TrueSTUDIO\STM32_workspace_9.1\GPIO_Driver\User Library -O0 -ffunction-sections -fdata-sections -g -fstack-usage -Wall -o User Application\main.o 
In file included from ..\User Application\main.c:4:0:
C:\Users\Falcon\Atollic\TrueSTUDIO\STM32_workspace_9.1\GPIO_Driver\User Library/GPIO_Driver.h:124:13: warning: 'config_pin' declared 'static' but never defined [-Wunused-function]
 static void config_pin(GPIO_TypeDef *port, uint32_t pinNumber, uint32_t pinSpeed, uint32_t mode, uint16_t mode_type, uint32_t alt_func);
             ^~~~~~~~~~
arm-atollic-eabi-gcc -o GPIO_Driver.elf User Application\main.o User Application\startup_stm32f411xe.o User Application\system_stm32f4xx.o User Application\tiny_printf.o User Library\GPIO_Driver.o User Library\I2C_Library.o User Library\Timer_Delay.o User Library\lcd_4bit.o User Library\lcd_8bit.o User Library\lcd_i2c.o -mthumb -mcpu=cortex-m4 -mfloat-abi=hard -mfpu=fpv4-sp-d16 -T../stm32_flash.ld -specs=nosys.specs -static -Wl,-cref,-u,Reset_Handler -Wl,-Map=GPIO_Driver.map -Wl,--gc-sections -Wl,--defsym=malloc_getpagesize_P=0x80 -Wl,--start-group -lc -lm -Wl,--end-group 
C:\Program Files (x86)\Atollic\TrueSTUDIO for STM32 9.1.0\ide\jre\bin\java -jar C:\Program Files (x86)\Atollic\TrueSTUDIO for STM32 9.1.0\Tools\arm-atollic-reports.jar sizeinfo list GPIO_Driver.elf 
Generate build reports...
Print size information
   text	   data	    bss	    dec	    hex	filename
   6984	    136	   1056	   8176	   1ff0	GPIO_Driver.elf
Print size information done
Generate listing file
Output sent to: GPIO_Driver.list
Generate listing file done
Generate build reports done
22:44:27 **** Incremental Build of configuration Debug for project GPIO_Driver ****
Info: Internal Builder is used for build
arm-atollic-eabi-gcc -c ..\User Application\main.c -mthumb -mcpu=cortex-m4 -mfloat-abi=hard -mfpu=fpv4-sp-d16 -std=gnu11 -DSTM32F411xE -I../src -I../Drivers/CMSIS/Include -I../Drivers/CMSIS/Device/ST/STM32F4xx/Include -I../Drivers/STM32F4xx_HAL_Driver/Inc -IC:\Users\Falcon\Atollic\TrueSTUDIO\STM32_workspace_9.1\GPIO_Driver -IC:\Users\Falcon\Atollic\TrueSTUDIO\STM32_workspace_9.1\GPIO_Driver\User Library -O0 -ffunction-sections -fdata-sections -g -fstack-usage -Wall -o User Application\main.o 
In file included from ..\User Application\main.c:4:0:
C:\Users\Falcon\Atollic\TrueSTUDIO\STM32_workspace_9.1\GPIO_Driver\User Library/GPIO_Driver.h:124:13: warning: 'config_pin' declared 'static' but never defined [-Wunused-function]
 static void config_pin(GPIO_TypeDef *port, uint32_t pinNumber, uint32_t pinSpeed, uint32_t mode, uint16_t mode_type, uint32_t alt_func);
             ^~~~~~~~~~
arm-atollic-eabi-gcc -o GPIO_Driver.elf User Application\main.o User Application\startup_stm32f411xe.o User Application\system_stm32f4xx.o User Application\tiny_printf.o User Library\GPIO_Driver.o User Library\I2C_Library.o User Library\Timer_Delay.o User Library\lcd_4bit.o User Library\lcd_8bit.o User Library\lcd_i2c.o -mthumb -mcpu=cortex-m4 -mfloat-abi=hard -mfpu=fpv4-sp-d16 -T../stm32_flash.ld -specs=nosys.specs -static -Wl,-cref,-u,Reset_Handler -Wl,-Map=GPIO_Driver.map -Wl,--gc-sections -Wl,--defsym=malloc_getpagesize_P=0x80 -Wl,--start-group -lc -lm -Wl,--end-group 
C:\Program Files (x86)\Atollic\TrueSTUDIO for STM32 9.1.0\ide\jre\bin\java -jar C:\Program Files (x86)\Atollic\TrueSTUDIO for STM32 9.1.0\Tools\arm-atollic-reports.jar sizeinfo list GPIO_Driver.elf 
Generate build reports...
Print size information
   text	   data	    bss	    dec	    hex	filename
   6984	    136	   1056	   8176	   1ff0	GPIO_Driver.elf
Print size information done
Generate listing file
Output sent to: GPIO_Driver.list
Generate listing file done
Generate build reports done
22:46:05 **** Incremental Build of configuration Debug for project GPIO_Driver ****
Info: Internal Builder is used for build
arm-atollic-eabi-gcc -c ..\User Application\main.c -mthumb -mcpu=cortex-m4 -mfloat-abi=hard -mfpu=fpv4-sp-d16 -std=gnu11 -DSTM32F411xE -I../src -I../Drivers/CMSIS/Include -I../Drivers/CMSIS/Device/ST/STM32F4xx/Include -I../Drivers/STM32F4xx_HAL_Driver/Inc -IC:\Users\Falcon\Atollic\TrueSTUDIO\STM32_workspace_9.1\GPIO_Driver -IC:\Users\Falcon\Atollic\TrueSTUDIO\STM32_workspace_9.1\GPIO_Driver\User Library -O0 -ffunction-sections -fdata-sections -g -fstack-usage -Wall -o User Application\main.o 
..\User Application\main.c: In function 'main':
..\User Application\main.c:90:16: error: expected ';' before 'l'
 lcd_i2c_clear()l
                ^
In file included from ..\User Application\main.c:4:0:
..\User Application\main.c: At top level:
C:\Users\Falcon\Atollic\TrueSTUDIO\STM32_workspace_9.1\GPIO_Driver\User Library/GPIO_Driver.h:124:13: warning: 'config_pin' declared 'static' but never defined [-Wunused-function]
 static void config_pin(GPIO_TypeDef *port, uint32_t pinNumber, uint32_t pinSpeed, uint32_t mode, uint16_t mode_type, uint32_t alt_func);
             ^~~~~~~~~~
22:46:10 **** Incremental Build of configuration Debug for project GPIO_Driver ****
Info: Internal Builder is used for build
arm-atollic-eabi-gcc -c ..\User Application\main.c -mthumb -mcpu=cortex-m4 -mfloat-abi=hard -mfpu=fpv4-sp-d16 -std=gnu11 -DSTM32F411xE -I../src -I../Drivers/CMSIS/Include -I../Drivers/CMSIS/Device/ST/STM32F4xx/Include -I../Drivers/STM32F4xx_HAL_Driver/Inc -IC:\Users\Falcon\Atollic\TrueSTUDIO\STM32_workspace_9.1\GPIO_Driver -IC:\Users\Falcon\Atollic\TrueSTUDIO\STM32_workspace_9.1\GPIO_Driver\User Library -O0 -ffunction-sections -fdata-sections -g -fstack-usage -Wall -o User Application\main.o 
In file included from ..\User Application\main.c:4:0:
C:\Users\Falcon\Atollic\TrueSTUDIO\STM32_workspace_9.1\GPIO_Driver\User Library/GPIO_Driver.h:124:13: warning: 'config_pin' declared 'static' but never defined [-Wunused-function]
 static void config_pin(GPIO_TypeDef *port, uint32_t pinNumber, uint32_t pinSpeed, uint32_t mode, uint16_t mode_type, uint32_t alt_func);
             ^~~~~~~~~~
arm-atollic-eabi-gcc -o GPIO_Driver.elf User Application\main.o User Application\startup_stm32f411xe.o User Application\system_stm32f4xx.o User Application\tiny_printf.o User Library\GPIO_Driver.o User Library\I2C_Library.o User Library\Timer_Delay.o User Library\lcd_4bit.o User Library\lcd_8bit.o User Library\lcd_i2c.o -mthumb -mcpu=cortex-m4 -mfloat-abi=hard -mfpu=fpv4-sp-d16 -T../stm32_flash.ld -specs=nosys.specs -static -Wl,-cref,-u,Reset_Handler -Wl,-Map=GPIO_Driver.map -Wl,--gc-sections -Wl,--defsym=malloc_getpagesize_P=0x80 -Wl,--start-group -lc -lm -Wl,--end-group 
C:\Program Files (x86)\Atollic\TrueSTUDIO for STM32 9.1.0\ide\jre\bin\java -jar C:\Program Files (x86)\Atollic\TrueSTUDIO for STM32 9.1.0\Tools\arm-atollic-reports.jar sizeinfo list GPIO_Driver.elf 
Generate build reports...
Print size information
   text	   data	    bss	    dec	    hex	filename
   6992	    136	   1056	   8184	   1ff8	GPIO_Driver.elf
Print size information done
Generate listing file
Output sent to: GPIO_Driver.list
Generate listing file done
Generate build reports done
Info: Nothing to build for GPIO_Driver
22:47:02 **** Incremental Build of configuration Debug for project GPIO_Driver ****
Info: Internal Builder is used for build
arm-atollic-eabi-gcc -c ..\User Application\main.c -mthumb -mcpu=cortex-m4 -mfloat-abi=hard -mfpu=fpv4-sp-d16 -std=gnu11 -DSTM32F411xE -I../src -I../Drivers/CMSIS/Include -I../Drivers/CMSIS/Device/ST/STM32F4xx/Include -I../Drivers/STM32F4xx_HAL_Driver/Inc -IC:\Users\Falcon\Atollic\TrueSTUDIO\STM32_workspace_9.1\GPIO_Driver -IC:\Users\Falcon\Atollic\TrueSTUDIO\STM32_workspace_9.1\GPIO_Driver\User Library -O0 -ffunction-sections -fdata-sections -g -fstack-usage -Wall -o User Application\main.o 
In file included from ..\User Application\main.c:4:0:
C:\Users\Falcon\Atollic\TrueSTUDIO\STM32_workspace_9.1\GPIO_Driver\User Library/GPIO_Driver.h:124:13: warning: 'config_pin' declared 'static' but never defined [-Wunused-function]
 static void config_pin(GPIO_TypeDef *port, uint32_t pinNumber, uint32_t pinSpeed, uint32_t mode, uint16_t mode_type, uint32_t alt_func);
             ^~~~~~~~~~
arm-atollic-eabi-gcc -o GPIO_Driver.elf User Application\main.o User Application\startup_stm32f411xe.o User Application\system_stm32f4xx.o User Application\tiny_printf.o User Library\GPIO_Driver.o User Library\I2C_Library.o User Library\Timer_Delay.o User Library\lcd_4bit.o User Library\lcd_8bit.o User Library\lcd_i2c.o -mthumb -mcpu=cortex-m4 -mfloat-abi=hard -mfpu=fpv4-sp-d16 -T../stm32_flash.ld -specs=nosys.specs -static -Wl,-cref,-u,Reset_Handler -Wl,-Map=GPIO_Driver.map -Wl,--gc-sections -Wl,--defsym=malloc_getpagesize_P=0x80 -Wl,--start-group -lc -lm -Wl,--end-group 
C:\Program Files (x86)\Atollic\TrueSTUDIO for STM32 9.1.0\ide\jre\bin\java -jar C:\Program Files (x86)\Atollic\TrueSTUDIO for STM32 9.1.0\Tools\arm-atollic-reports.jar sizeinfo list GPIO_Driver.elf 
Generate build reports...
Print size information
   text	   data	    bss	    dec	    hex	filename
   6996	    136	   1056	   8188	   1ffc	GPIO_Driver.elf
Print size information done
Generate listing file
Output sent to: GPIO_Driver.list
Generate listing file done
Generate build reports done
22:48:00 **** Incremental Build of configuration Debug for project GPIO_Driver ****
Info: Internal Builder is used for build
arm-atollic-eabi-gcc -c ..\User Application\main.c -mthumb -mcpu=cortex-m4 -mfloat-abi=hard -mfpu=fpv4-sp-d16 -std=gnu11 -DSTM32F411xE -I../src -I../Drivers/CMSIS/Include -I../Drivers/CMSIS/Device/ST/STM32F4xx/Include -I../Drivers/STM32F4xx_HAL_Driver/Inc -IC:\Users\Falcon\Atollic\TrueSTUDIO\STM32_workspace_9.1\GPIO_Driver -IC:\Users\Falcon\Atollic\TrueSTUDIO\STM32_workspace_9.1\GPIO_Driver\User Library -O0 -ffunction-sections -fdata-sections -g -fstack-usage -Wall -o User Application\main.o 
In file included from ..\User Application\main.c:4:0:
C:\Users\Falcon\Atollic\TrueSTUDIO\STM32_workspace_9.1\GPIO_Driver\User Library/GPIO_Driver.h:124:13: warning: 'config_pin' declared 'static' but never defined [-Wunused-function]
 static void config_pin(GPIO_TypeDef *port, uint32_t pinNumber, uint32_t pinSpeed, uint32_t mode, uint16_t mode_type, uint32_t alt_func);
             ^~~~~~~~~~
arm-atollic-eabi-gcc -o GPIO_Driver.elf User Application\main.o User Application\startup_stm32f411xe.o User Application\system_stm32f4xx.o User Application\tiny_printf.o User Library\GPIO_Driver.o User Library\I2C_Library.o User Library\Timer_Delay.o User Library\lcd_4bit.o User Library\lcd_8bit.o User Library\lcd_i2c.o -mthumb -mcpu=cortex-m4 -mfloat-abi=hard -mfpu=fpv4-sp-d16 -T../stm32_flash.ld -specs=nosys.specs -static -Wl,-cref,-u,Reset_Handler -Wl,-Map=GPIO_Driver.map -Wl,--gc-sections -Wl,--defsym=malloc_getpagesize_P=0x80 -Wl,--start-group -lc -lm -Wl,--end-group 
C:\Program Files (x86)\Atollic\TrueSTUDIO for STM32 9.1.0\ide\jre\bin\java -jar C:\Program Files (x86)\Atollic\TrueSTUDIO for STM32 9.1.0\Tools\arm-atollic-reports.jar sizeinfo list GPIO_Driver.elf 
Generate build reports...
Print size information
   text	   data	    bss	    dec	    hex	filename
   6988	    136	   1056	   8180	   1ff4	GPIO_Driver.elf
Print size information done
Generate listing file
Output sent to: GPIO_Driver.list
Generate listing file done
Generate build reports done
Info: Nothing to build for GPIO_Driver
Info: Nothing to build for GPIO_Driver
Info: Nothing to build for GPIO_Driver
00:53:34 **** Incremental Build of configuration Debug for project GPIO_Driver ****
Info: Internal Builder is used for build
arm-atollic-eabi-gcc -c ..\User Application\main.c -mthumb -mcpu=cortex-m4 -mfloat-abi=hard -mfpu=fpv4-sp-d16 -std=gnu11 -DSTM32F411xE -I../src -I../Drivers/CMSIS/Include -I../Drivers/CMSIS/Device/ST/STM32F4xx/Include -I../Drivers/STM32F4xx_HAL_Driver/Inc -IC:\Users\Falcon\Atollic\TrueSTUDIO\STM32_workspace_9.1\GPIO_Driver -IC:\Users\Falcon\Atollic\TrueSTUDIO\STM32_workspace_9.1\GPIO_Driver\User Library -O0 -ffunction-sections -fdata-sections -g -fstack-usage -Wall -o User Application\main.o 
In file included from ..\User Application\main.c:4:0:
C:\Users\Falcon\Atollic\TrueSTUDIO\STM32_workspace_9.1\GPIO_Driver\User Library/GPIO_Driver.h:124:13: warning: 'config_pin' declared 'static' but never defined [-Wunused-function]
 static void config_pin(GPIO_TypeDef *port, uint32_t pinNumber, uint32_t pinSpeed, uint32_t mode, uint16_t mode_type, uint32_t alt_func);
             ^~~~~~~~~~
arm-atollic-eabi-gcc -o GPIO_Driver.elf User Application\main.o User Application\startup_stm32f411xe.o User Application\system_stm32f4xx.o User Application\tiny_printf.o User Library\GPIO_Driver.o User Library\I2C_Library.o User Library\Timer_Delay.o User Library\lcd_4bit.o User Library\lcd_8bit.o User Library\lcd_i2c.o -mthumb -mcpu=cortex-m4 -mfloat-abi=hard -mfpu=fpv4-sp-d16 -T../stm32_flash.ld -specs=nosys.specs -static -Wl,-cref,-u,Reset_Handler -Wl,-Map=GPIO_Driver.map -Wl,--gc-sections -Wl,--defsym=malloc_getpagesize_P=0x80 -Wl,--start-group -lc -lm -Wl,--end-group 
C:\Program Files (x86)\Atollic\TrueSTUDIO for STM32 9.1.0\ide\jre\bin\java -jar C:\Program Files (x86)\Atollic\TrueSTUDIO for STM32 9.1.0\Tools\arm-atollic-reports.jar sizeinfo list GPIO_Driver.elf 
Generate build reports...
Print size information
   text	   data	    bss	    dec	    hex	filename
   6980	    136	   1056	   8172	   1fec	GPIO_Driver.elf
Print size information done
Generate listing file
Output sent to: GPIO_Driver.list
Generate listing file done
Generate build reports done
00:53:52 **** Incremental Build of configuration Debug for project GPIO_Driver ****
Info: Internal Builder is used for build
arm-atollic-eabi-gcc -c ..\User Application\main.c -mthumb -mcpu=cortex-m4 -mfloat-abi=hard -mfpu=fpv4-sp-d16 -std=gnu11 -DSTM32F411xE -I../src -I../Drivers/CMSIS/Include -I../Drivers/CMSIS/Device/ST/STM32F4xx/Include -I../Drivers/STM32F4xx_HAL_Driver/Inc -IC:\Users\Falcon\Atollic\TrueSTUDIO\STM32_workspace_9.1\GPIO_Driver -IC:\Users\Falcon\Atollic\TrueSTUDIO\STM32_workspace_9.1\GPIO_Driver\User Library -O0 -ffunction-sections -fdata-sections -g -fstack-usage -Wall -o User Application\main.o 
In file included from ..\User Application\main.c:4:0:
C:\Users\Falcon\Atollic\TrueSTUDIO\STM32_workspace_9.1\GPIO_Driver\User Library/GPIO_Driver.h:124:13: warning: 'config_pin' declared 'static' but never defined [-Wunused-function]
 static void config_pin(GPIO_TypeDef *port, uint32_t pinNumber, uint32_t pinSpeed, uint32_t mode, uint16_t mode_type, uint32_t alt_func);
             ^~~~~~~~~~
arm-atollic-eabi-gcc -o GPIO_Driver.elf User Application\main.o User Application\startup_stm32f411xe.o User Application\system_stm32f4xx.o User Application\tiny_printf.o User Library\GPIO_Driver.o User Library\I2C_Library.o User Library\Timer_Delay.o User Library\lcd_4bit.o User Library\lcd_8bit.o User Library\lcd_i2c.o -mthumb -mcpu=cortex-m4 -mfloat-abi=hard -mfpu=fpv4-sp-d16 -T../stm32_flash.ld -specs=nosys.specs -static -Wl,-cref,-u,Reset_Handler -Wl,-Map=GPIO_Driver.map -Wl,--gc-sections -Wl,--defsym=malloc_getpagesize_P=0x80 -Wl,--start-group -lc -lm -Wl,--end-group 
C:\Program Files (x86)\Atollic\TrueSTUDIO for STM32 9.1.0\ide\jre\bin\java -jar C:\Program Files (x86)\Atollic\TrueSTUDIO for STM32 9.1.0\Tools\arm-atollic-reports.jar sizeinfo list GPIO_Driver.elf 
Generate build reports...
Print size information
   text	   data	    bss	    dec	    hex	filename
   6988	    136	   1056	   8180	   1ff4	GPIO_Driver.elf
Print size information done
Generate listing file
Output sent to: GPIO_Driver.list
Generate listing file done
Generate build reports done
01:00:59 **** Incremental Build of configuration Debug for project GPIO_Driver ****
Info: Internal Builder is used for build
arm-atollic-eabi-gcc -c ..\User Application\main.c -mthumb -mcpu=cortex-m4 -mfloat-abi=hard -mfpu=fpv4-sp-d16 -std=gnu11 -DSTM32F411xE -I../src -I../Drivers/CMSIS/Include -I../Drivers/CMSIS/Device/ST/STM32F4xx/Include -I../Drivers/STM32F4xx_HAL_Driver/Inc -IC:\Users\Falcon\Atollic\TrueSTUDIO\STM32_workspace_9.1\GPIO_Driver -IC:\Users\Falcon\Atollic\TrueSTUDIO\STM32_workspace_9.1\GPIO_Driver\User Library -O0 -ffunction-sections -fdata-sections -g -fstack-usage -Wall -o User Application\main.o 
..\User Application\main.c: In function 'main':
..\User Application\main.c:88:1: warning: implicit declaration of function 'ftoa' [-Wimplicit-function-declaration]
 ftoa(result/voltage_convert, str, 10); // convert from integer to string
 ^~~~
In file included from ..\User Application\main.c:4:0:
..\User Application\main.c: At top level:
C:\Users\Falcon\Atollic\TrueSTUDIO\STM32_workspace_9.1\GPIO_Driver\User Library/GPIO_Driver.h:124:13: warning: 'config_pin' declared 'static' but never defined [-Wunused-function]
 static void config_pin(GPIO_TypeDef *port, uint32_t pinNumber, uint32_t pinSpeed, uint32_t mode, uint16_t mode_type, uint32_t alt_func);
             ^~~~~~~~~~
arm-atollic-eabi-gcc -o GPIO_Driver.elf User Application\main.o User Application\startup_stm32f411xe.o User Application\system_stm32f4xx.o User Application\tiny_printf.o User Library\GPIO_Driver.o User Library\I2C_Library.o User Library\Timer_Delay.o User Library\lcd_4bit.o User Library\lcd_8bit.o User Library\lcd_i2c.o -mthumb -mcpu=cortex-m4 -mfloat-abi=hard -mfpu=fpv4-sp-d16 -T../stm32_flash.ld -specs=nosys.specs -static -Wl,-cref,-u,Reset_Handler -Wl,-Map=GPIO_Driver.map -Wl,--gc-sections -Wl,--defsym=malloc_getpagesize_P=0x80 -Wl,--start-group -lc -lm -Wl,--end-group 
User Application\main.o: In function `main':
C:\Users\Falcon\Atollic\TrueSTUDIO\STM32_workspace_9.1\GPIO_Driver\Debug/..\User Application/main.c:88: undefined reference to `ftoa'
collect2.exe: error: ld returned 1 exit status
01:01:39 **** Incremental Build of configuration Debug for project GPIO_Driver ****
Info: Internal Builder is used for build
arm-atollic-eabi-gcc -c ..\User Application\main.c -mthumb -mcpu=cortex-m4 -mfloat-abi=hard -mfpu=fpv4-sp-d16 -std=gnu11 -DSTM32F411xE -I../src -I../Drivers/CMSIS/Include -I../Drivers/CMSIS/Device/ST/STM32F4xx/Include -I../Drivers/STM32F4xx_HAL_Driver/Inc -IC:\Users\Falcon\Atollic\TrueSTUDIO\STM32_workspace_9.1\GPIO_Driver -IC:\Users\Falcon\Atollic\TrueSTUDIO\STM32_workspace_9.1\GPIO_Driver\User Library -O0 -ffunction-sections -fdata-sections -g -fstack-usage -Wall -o User Application\main.o 
In file included from ..\User Application\main.c:4:0:
C:\Users\Falcon\Atollic\TrueSTUDIO\STM32_workspace_9.1\GPIO_Driver\User Library/GPIO_Driver.h:124:13: warning: 'config_pin' declared 'static' but never defined [-Wunused-function]
 static void config_pin(GPIO_TypeDef *port, uint32_t pinNumber, uint32_t pinSpeed, uint32_t mode, uint16_t mode_type, uint32_t alt_func);
             ^~~~~~~~~~
arm-atollic-eabi-gcc -o GPIO_Driver.elf User Application\main.o User Application\startup_stm32f411xe.o User Application\system_stm32f4xx.o User Application\tiny_printf.o User Library\GPIO_Driver.o User Library\I2C_Library.o User Library\Timer_Delay.o User Library\lcd_4bit.o User Library\lcd_8bit.o User Library\lcd_i2c.o -mthumb -mcpu=cortex-m4 -mfloat-abi=hard -mfpu=fpv4-sp-d16 -T../stm32_flash.ld -specs=nosys.specs -static -Wl,-cref,-u,Reset_Handler -Wl,-Map=GPIO_Driver.map -Wl,--gc-sections -Wl,--defsym=malloc_getpagesize_P=0x80 -Wl,--start-group -lc -lm -Wl,--end-group 
C:\Program Files (x86)\Atollic\TrueSTUDIO for STM32 9.1.0\ide\jre\bin\java -jar C:\Program Files (x86)\Atollic\TrueSTUDIO for STM32 9.1.0\Tools\arm-atollic-reports.jar sizeinfo list GPIO_Driver.elf 
Generate build reports...
Print size information
   text	   data	    bss	    dec	    hex	filename
   6988	    136	   1056	   8180	   1ff4	GPIO_Driver.elf
Print size information done
Generate listing file
Output sent to: GPIO_Driver.list
Generate listing file done
Generate build reports done
